[2023-04-27 09:07:11.415 +00:00] [INF] [4] Main: Jellyfin version: "10.8.10"
[2023-04-27 09:07:11.427 +00:00] [INF] [4] Main: Environment Variables: ["[JELLYFIN_CONFIG_DIR, /config]", "[JELLYFIN_LOG_DIR, /config/log]", "[JELLYFIN_CACHE_DIR, /config/cache]", "[JELLYFIN_DATA_DIR, /config/data]", "[JELLYFIN_WEB_DIR, /usr/share/jellyfin/web]"]
[2023-04-27 09:07:11.429 +00:00] [INF] [4] Main: Arguments: ["/usr/lib/jellyfin/bin/jellyfin.dll", "--ffmpeg=/usr/lib/jellyfin-ffmpeg/ffmpeg"]
[2023-04-27 09:07:11.430 +00:00] [INF] [4] Main: Operating system: "Linux"
[2023-04-27 09:07:11.430 +00:00] [INF] [4] Main: Architecture: X64
[2023-04-27 09:07:11.430 +00:00] [INF] [4] Main: 64-Bit Process: True
[2023-04-27 09:07:11.430 +00:00] [INF] [4] Main: User Interactive: True
[2023-04-27 09:07:11.430 +00:00] [INF] [4] Main: Processor count: 16
[2023-04-27 09:07:11.430 +00:00] [INF] [4] Main: Program data path: "/config/data"
[2023-04-27 09:07:11.430 +00:00] [INF] [4] Main: Web resources path: "/usr/share/jellyfin/web"
[2023-04-27 09:07:11.430 +00:00] [INF] [4] Main: Application directory: "/usr/lib/jellyfin/bin/"
[2023-04-27 09:07:11.438 +00:00] [INF] [4] Jellyfin.Server.Migrations.MigrationRunner: Marking following migrations as applied because this is a fresh install: ["CreateNetworkConfiguration"]
[2023-04-27 09:07:11.494 +00:00] [INF] [4] Emby.Server.Implementations.AppBase.BaseConfigurationManager: Setting cache path: "/config/cache"
[2023-04-27 09:07:11.498 +00:00] [INF] [4] Emby.Server.Implementations.ApplicationHost: Loading assemblies
[2023-04-27 09:07:11.545 +00:00] [INF] [4] Jellyfin.Networking.Manager.NetworkManager: Defined LAN addresses : "[10.0.0.0/8,172.16.0.0/12,192.168.0.0/16]"
[2023-04-27 09:07:11.545 +00:00] [INF] [4] Jellyfin.Networking.Manager.NetworkManager: Defined LAN exclusions : "[]"
[2023-04-27 09:07:11.546 +00:00] [INF] [4] Jellyfin.Networking.Manager.NetworkManager: Using LAN addresses: "[10.0.0.0/8,172.16.0.0/12,192.168.0.0/16]"
[2023-04-27 09:07:11.550 +00:00] [INF] [4] Jellyfin.Networking.Manager.NetworkManager: Using bind addresses: "[]"
[2023-04-27 09:07:11.550 +00:00] [INF] [4] Jellyfin.Networking.Manager.NetworkManager: Using bind exclusions: "[]"
[2023-04-27 09:07:12.399 +00:00] [INF] [4] Jellyfin.Server.Implementations.JellyfinDbProvider: There are pending EFCore migrations in the database. Applying... (This may take a while, do not stop Jellyfin)
[2023-04-27 09:07:12.777 +00:00] [INF] [4] Jellyfin.Server.Implementations.JellyfinDbProvider: EFCore migrations applied successfully
[2023-04-27 09:07:13.216 +00:00] [INF] [4] Emby.Server.Implementations.AppBase.BaseConfigurationManager: Saving system configuration
[2023-04-27 09:07:13.217 +00:00] [INF] [4] Emby.Server.Implementations.AppBase.BaseConfigurationManager: Setting cache path: "/config/cache"
[2023-04-27 09:07:13.220 +00:00] [INF] [4] Emby.Server.Implementations.Plugins.PluginManager: Loaded plugin: "TMDb" "10.8.10.0"
[2023-04-27 09:07:13.220 +00:00] [INF] [4] Emby.Server.Implementations.Plugins.PluginManager: Loaded plugin: "Studio Images" "10.8.10.0"
[2023-04-27 09:07:13.221 +00:00] [INF] [4] Emby.Server.Implementations.Plugins.PluginManager: Loaded plugin: "OMDb" "10.8.10.0"
[2023-04-27 09:07:13.221 +00:00] [INF] [4] Emby.Server.Implementations.Plugins.PluginManager: Loaded plugin: "MusicBrainz" "10.8.10.0"
[2023-04-27 09:07:13.221 +00:00] [INF] [4] Emby.Server.Implementations.Plugins.PluginManager: Loaded plugin: "AudioDB" "10.8.10.0"
[2023-04-27 09:07:13.258 +00:00] [INF] [4] Jellyfin.Server.Migrations.MigrationRunner: Marking following migrations as applied because this is a fresh install: ["DisableTranscodingThrottling", "CreateLoggingConfigHeirarchy", "MigrateActivityLogDatabase", "RemoveDuplicateExtras", "MigrateUserDatabase", "MigrateDisplayPreferencesDatabase", "RemoveDownloadImagesInAdvance", "MigrateAuthenticationDatabase"]
[2023-04-27 09:07:13.258 +00:00] [INF] [4] Jellyfin.Server.Migrations.MigrationRunner: Applying migration '"AddDefaultPluginRepository"'
[2023-04-27 09:07:13.259 +00:00] [INF] [4] Emby.Server.Implementations.AppBase.BaseConfigurationManager: Saving system configuration
[2023-04-27 09:07:13.259 +00:00] [INF] [4] Emby.Server.Implementations.AppBase.BaseConfigurationManager: Setting cache path: "/config/cache"
[2023-04-27 09:07:13.259 +00:00] [INF] [4] Jellyfin.Server.Migrations.MigrationRunner: Migration '"AddDefaultPluginRepository"' applied successfully
[2023-04-27 09:07:13.268 +00:00] [INF] [4] Jellyfin.Server.Migrations.MigrationRunner: Applying migration '"ReaddDefaultPluginRepository"'
[2023-04-27 09:07:13.268 +00:00] [INF] [4] Jellyfin.Server.Migrations.MigrationRunner: Migration '"ReaddDefaultPluginRepository"' applied successfully
[2023-04-27 09:07:13.269 +00:00] [INF] [4] Jellyfin.Server.Migrations.MigrationRunner: Applying migration '"AddPeopleQueryIndex"'
[2023-04-27 09:07:13.269 +00:00] [INF] [4] Jellyfin.Server.Migrations.Routines.AddPeopleQueryIndex: Creating index idx_TypedBaseItemsUserDataKeyType
[2023-04-27 09:07:13.292 +00:00] [INF] [4] Jellyfin.Server.Migrations.Routines.AddPeopleQueryIndex: Creating index idx_PeopleNameListOrder
[2023-04-27 09:07:13.313 +00:00] [INF] [4] Jellyfin.Server.Migrations.MigrationRunner: Migration '"AddPeopleQueryIndex"' applied successfully
[2023-04-27 09:07:13.320 +00:00] [INF] [4] Main: Kestrel listening on "Any IP4 Address"
[2023-04-27 09:07:13.368 +00:00] [WRN] [4] Microsoft.AspNetCore.DataProtection.Repositories.EphemeralXmlRepository: Using an in-memory repository. Keys will not be persisted to storage.
[2023-04-27 09:07:13.368 +00:00] [WRN] [4] Microsoft.AspNetCore.DataProtection.KeyManagement.XmlKeyManager: Neither user profile nor HKLM registry available. Using an ephemeral key repository. Protected data will be unavailable when application exits.
[2023-04-27 09:07:13.563 +00:00] [WRN] [4] Microsoft.AspNetCore.DataProtection.KeyManagement.XmlKeyManager: No XML encryptor configured. Key {54b7d67d-a3b2-408c-bad4-00f533c9ad75} may be persisted to storage in unencrypted form.
[2023-04-27 09:07:13.580 +00:00] [INF] [4] Emby.Server.Implementations.ApplicationHost: Running startup tasks
[2023-04-27 09:07:13.605 +00:00] [INF] [4] Emby.Server.Implementations.ScheduledTasks.TaskManager: Daily trigger for "Extract Chapter Images" set to fire at 2023-04-28 02:00:00.000 +00:00, which is 16:52:46.3944468 from now.
[2023-04-27 09:07:13.628 +00:00] [INF] [4] MediaBrowser.MediaEncoding.Encoder.MediaEncoder: Found ffmpeg version "5.1.3"
[2023-04-27 09:07:13.661 +00:00] [INF] [4] MediaBrowser.MediaEncoding.Encoder.MediaEncoder: Available "decoders": ["libdav1d", "av1", "av1_cuvid", "av1_qsv", "h264", "h264_qsv", "h264_cuvid", "hevc", "hevc_qsv", "hevc_cuvid", "mpeg2video", "mpeg2_qsv", "mpeg2_cuvid", "mpeg4", "mpeg4_cuvid", "msmpeg4", "vc1_qsv", "vc1_cuvid", "vp8", "libvpx", "vp8_cuvid", "vp8_qsv", "vp9", "libvpx-vp9", "vp9_cuvid", "vp9_qsv", "aac", "ac3", "dca", "flac", "mp3", "truehd"]
[2023-04-27 09:07:13.675 +00:00] [INF] [4] MediaBrowser.MediaEncoding.Encoder.MediaEncoder: Available "encoders": ["libx264", "h264_amf", "h264_nvenc", "h264_qsv", "h264_v4l2m2m", "h264_vaapi", "libx265", "hevc_amf", "hevc_nvenc", "hevc_qsv", "hevc_vaapi", "mpeg4", "msmpeg4", "libvpx", "libvpx-vp9", "aac", "libfdk_aac", "ac3", "dca", "flac", "libmp3lame", "libopus", "truehd", "libvorbis", "srt"]
[2023-04-27 09:07:13.686 +00:00] [INF] [4] MediaBrowser.MediaEncoding.Encoder.MediaEncoder: Available filters: ["deinterlace_qsv", "deinterlace_vaapi", "hwupload_cuda", "hwupload_vaapi", "overlay_opencl", "overlay_qsv", "overlay_vaapi", "overlay_cuda", "procamp_vaapi", "scale_cuda", "scale_opencl", "scale_qsv", "scale_vaapi", "tonemap_cuda", "tonemap_opencl", "tonemap_vaapi", "vpp_qsv", "yadif_cuda", "zscale", "alphasrc"]
[2023-04-27 09:07:13.750 +00:00] [INF] [4] MediaBrowser.MediaEncoding.Encoder.MediaEncoder: Available hwaccel types: ["cuda", "vaapi", "qsv", "drm", "opencl", "vulkan"]
[2023-04-27 09:07:13.829 +00:00] [INF] [4] MediaBrowser.MediaEncoding.Encoder.MediaEncoder: FFmpeg: "/usr/lib/jellyfin-ffmpeg/ffmpeg"
[2023-04-27 09:07:13.830 +00:00] [INF] [4] Emby.Server.Implementations.ApplicationHost: ServerId: "4599b668a2dd4b94b1a1f72f16fe8a03"
[2023-04-27 09:07:13.899 +00:00] [INF] [16] Emby.Server.Implementations.ApplicationHost: Executed all pre-startup entry points in 0:00:00.0630555
[2023-04-27 09:07:13.899 +00:00] [INF] [16] Emby.Server.Implementations.ApplicationHost: Core startup complete
[2023-04-27 09:07:14.044 +00:00] [INF] [16] Emby.Server.Implementations.ApplicationHost: Executed all post-startup entry points in 0:00:00.1447929
[2023-04-27 09:07:14.044 +00:00] [INF] [16] Main: Startup complete 0:00:02.734416
[2023-04-27 09:07:16.613 +00:00] [INF] [16] Emby.Server.Implementations.ScheduledTasks.TaskManager: "StartupTrigger" fired for task: "Update Plugins"
[2023-04-27 09:07:16.613 +00:00] [INF] [16] Emby.Server.Implementations.ScheduledTasks.TaskManager: Queuing task "PluginUpdateTask"
[2023-04-27 09:07:16.615 +00:00] [INF] [4] Emby.Server.Implementations.ScheduledTasks.TaskManager: Executing "Update Plugins"
[2023-04-27 09:07:17.492 +00:00] [INF] [14] Emby.Server.Implementations.ScheduledTasks.TaskManager: "Update Plugins" Completed after 0 minute(s) and 0 seconds
[2023-04-27 09:07:17.506 +00:00] [INF] [14] Emby.Server.Implementations.ScheduledTasks.TaskManager: ExecuteQueuedTasks
[2023-04-27 09:08:16.852 +00:00] [INF] [20] Emby.Server.Implementations.AppBase.BaseConfigurationManager: Saving system configuration
[2023-04-27 09:08:16.853 +00:00] [INF] [20] Emby.Server.Implementations.AppBase.BaseConfigurationManager: Setting cache path: "/config/cache"
[2023-04-27 09:08:16.854 +00:00] [INF] [21] Emby.Server.Implementations.EntryPoints.ExternalPortForwarding: Stopping NAT discovery
[2023-04-27 09:08:16.874 +00:00] [WRN] [15] Jellyfin.Server.Implementations.Users.UserManager: No users, creating one with username "abc"
[2023-04-27 09:19:14.805 +00:00] [INF] [99] Emby.Server.Implementations.AppBase.BaseConfigurationManager: Saving system configuration
[2023-04-27 09:19:14.805 +00:00] [INF] [99] Emby.Server.Implementations.AppBase.BaseConfigurationManager: Setting cache path: "/config/cache"
[2023-04-27 09:19:16.704 +00:00] [INF] [99] Jellyfin.Networking.Manager.NetworkManager: Defined LAN addresses : "[10.0.0.0/8,172.16.0.0/12,192.168.0.0/16]"
[2023-04-27 09:19:16.704 +00:00] [INF] [99] Jellyfin.Networking.Manager.NetworkManager: Defined LAN exclusions : "[]"
[2023-04-27 09:19:16.704 +00:00] [INF] [99] Jellyfin.Networking.Manager.NetworkManager: Using LAN addresses: "[10.0.0.0/8,172.16.0.0/12,192.168.0.0/16]"
[2023-04-27 09:19:16.704 +00:00] [INF] [99] Jellyfin.Networking.Manager.NetworkManager: Using bind addresses: "[]"
[2023-04-27 09:19:16.704 +00:00] [INF] [99] Jellyfin.Networking.Manager.NetworkManager: Using bind exclusions: "[]"
[2023-04-27 09:19:17.807 +00:00] [INF] [101] Emby.Server.Implementations.AppBase.BaseConfigurationManager: Saving system configuration
[2023-04-27 09:19:17.808 +00:00] [INF] [101] Emby.Server.Implementations.AppBase.BaseConfigurationManager: Setting cache path: "/config/cache"
[2023-04-27 09:19:17.809 +00:00] [INF] [106] Emby.Server.Implementations.ScheduledTasks.TaskManager: Queuing task "RefreshMediaLibraryTask"
[2023-04-27 09:19:17.809 +00:00] [INF] [106] Emby.Server.Implementations.ScheduledTasks.TaskManager: Executing "Scanner la médiathèque"
[2023-04-27 09:19:17.812 +00:00] [INF] [106] Emby.Server.Implementations.Library.LibraryManager: Validating media library
[2023-04-27 09:19:17.980 +00:00] [ERR] [106] Emby.Server.Implementations.Library.LibraryManager: Error running post-scan task
System.ArgumentException: Not enough valid pictures provided to create a splashscreen!
   at Jellyfin.Drawing.Skia.SplashscreenBuilder.GenerateCollage(IReadOnlyList`1 posters, IReadOnlyList`1 backdrops)
   at Jellyfin.Drawing.Skia.SplashscreenBuilder.GenerateSplash(IReadOnlyList`1 posters, IReadOnlyList`1 backdrops, String outputPath)
   at Jellyfin.Drawing.Skia.SkiaEncoder.CreateSplashscreen(IReadOnlyList`1 posters, IReadOnlyList`1 backdrops)
   at Emby.Server.Implementations.Library.SplashscreenPostScanTask.Run(IProgress`1 progress, CancellationToken cancellationToken)
   at Emby.Server.Implementations.Library.LibraryManager.RunPostScanTasks(IProgress`1 progress, CancellationToken cancellationToken)
[2023-04-27 09:19:17.999 +00:00] [INF] [106] Emby.Server.Implementations.ScheduledTasks.TaskManager: "Scanner la médiathèque" Completed after 0 minute(s) and 0 seconds
[2023-04-27 09:19:18.000 +00:00] [INF] [106] Emby.Server.Implementations.ScheduledTasks.TaskManager: ExecuteQueuedTasks
[2023-04-27 09:19:23.344 +00:00] [INF] [99] Jellyfin.Server.Implementations.Users.UserManager: Authentication request for "Matteo" has succeeded.
[2023-04-27 09:19:23.345 +00:00] [INF] [99] Emby.Server.Implementations.Session.SessionManager: Current/Max sessions for user "Matteo": 0/0
[2023-04-27 09:19:23.377 +00:00] [INF] [99] Emby.Server.Implementations.Session.SessionManager: Creating new access token for user d3d6ba79-2bf5-4806-8964-e96d445450cc
[2023-04-27 09:19:23.469 +00:00] [INF] [99] Emby.Server.Implementations.HttpServer.WebSocketManager: WS "172.27.0.1" request
[2023-04-27 09:19:23.504 +00:00] [WRN] [106] Microsoft.EntityFrameworkCore.Model.Validation: The entity type '"AccessSchedule"' is configured to use schema '"jellyfin"', but SQLite does not support schemas. This configuration will be ignored by the SQLite provider.
[2023-04-27 09:19:23.504 +00:00] [WRN] [106] Microsoft.EntityFrameworkCore.Model.Validation: The entity type '"ActivityLog"' is configured to use schema '"jellyfin"', but SQLite does not support schemas. This configuration will be ignored by the SQLite provider.
[2023-04-27 09:19:23.504 +00:00] [WRN] [106] Microsoft.EntityFrameworkCore.Model.Validation: The entity type '"CustomItemDisplayPreferences"' is configured to use schema '"jellyfin"', but SQLite does not support schemas. This configuration will be ignored by the SQLite provider.
[2023-04-27 09:19:23.504 +00:00] [WRN] [106] Microsoft.EntityFrameworkCore.Model.Validation: The entity type '"DisplayPreferences"' is configured to use schema '"jellyfin"', but SQLite does not support schemas. This configuration will be ignored by the SQLite provider.
[2023-04-27 09:19:23.504 +00:00] [WRN] [106] Microsoft.EntityFrameworkCore.Model.Validation: The entity type '"HomeSection"' is configured to use schema '"jellyfin"', but SQLite does not support schemas. This configuration will be ignored by the SQLite provider.
[2023-04-27 09:19:23.504 +00:00] [WRN] [106] Microsoft.EntityFrameworkCore.Model.Validation: The entity type '"ImageInfo"' is configured to use schema '"jellyfin"', but SQLite does not support schemas. This configuration will be ignored by the SQLite provider.
[2023-04-27 09:19:23.504 +00:00] [WRN] [106] Microsoft.EntityFrameworkCore.Model.Validation: The entity type '"ItemDisplayPreferences"' is configured to use schema '"jellyfin"', but SQLite does not support schemas. This configuration will be ignored by the SQLite provider.
[2023-04-27 09:19:23.504 +00:00] [WRN] [106] Microsoft.EntityFrameworkCore.Model.Validation: The entity type '"Permission"' is configured to use schema '"jellyfin"', but SQLite does not support schemas. This configuration will be ignored by the SQLite provider.
[2023-04-27 09:19:23.504 +00:00] [WRN] [106] Microsoft.EntityFrameworkCore.Model.Validation: The entity type '"Preference"' is configured to use schema '"jellyfin"', but SQLite does not support schemas. This configuration will be ignored by the SQLite provider.
[2023-04-27 09:19:23.504 +00:00] [WRN] [106] Microsoft.EntityFrameworkCore.Model.Validation: The entity type '"ApiKey"' is configured to use schema '"jellyfin"', but SQLite does not support schemas. This configuration will be ignored by the SQLite provider.
[2023-04-27 09:19:23.504 +00:00] [WRN] [106] Microsoft.EntityFrameworkCore.Model.Validation: The entity type '"Device"' is configured to use schema '"jellyfin"', but SQLite does not support schemas. This configuration will be ignored by the SQLite provider.
[2023-04-27 09:19:23.504 +00:00] [WRN] [106] Microsoft.EntityFrameworkCore.Model.Validation: The entity type '"DeviceOptions"' is configured to use schema '"jellyfin"', but SQLite does not support schemas. This configuration will be ignored by the SQLite provider.
[2023-04-27 09:19:23.504 +00:00] [WRN] [106] Microsoft.EntityFrameworkCore.Model.Validation: The entity type '"User"' is configured to use schema '"jellyfin"', but SQLite does not support schemas. This configuration will be ignored by the SQLite provider.
[2023-04-27 09:20:07.983 +00:00] [INF] [103] Emby.Server.Implementations.ScheduledTasks.TaskManager: Queuing task "RefreshMediaLibraryTask"
[2023-04-27 09:20:07.983 +00:00] [INF] [105] Emby.Server.Implementations.ScheduledTasks.TaskManager: Executing "Scanner la médiathèque"
[2023-04-27 09:20:07.988 +00:00] [INF] [105] Emby.Server.Implementations.Library.LibraryManager: Validating media library
[2023-04-27 09:20:08.162 +00:00] [ERR] [99] Emby.Server.Implementations.Library.LibraryManager: Error running post-scan task
System.ArgumentException: Not enough valid pictures provided to create a splashscreen!
   at Jellyfin.Drawing.Skia.SplashscreenBuilder.GenerateCollage(IReadOnlyList`1 posters, IReadOnlyList`1 backdrops)
   at Jellyfin.Drawing.Skia.SplashscreenBuilder.GenerateSplash(IReadOnlyList`1 posters, IReadOnlyList`1 backdrops, String outputPath)
   at Jellyfin.Drawing.Skia.SkiaEncoder.CreateSplashscreen(IReadOnlyList`1 posters, IReadOnlyList`1 backdrops)
   at Emby.Server.Implementations.Library.SplashscreenPostScanTask.Run(IProgress`1 progress, CancellationToken cancellationToken)
   at Emby.Server.Implementations.Library.LibraryManager.RunPostScanTasks(IProgress`1 progress, CancellationToken cancellationToken)
[2023-04-27 09:20:08.163 +00:00] [INF] [99] Emby.Server.Implementations.ScheduledTasks.TaskManager: "Scanner la médiathèque" Completed after 0 minute(s) and 0 seconds
[2023-04-27 09:20:08.164 +00:00] [INF] [99] Emby.Server.Implementations.ScheduledTasks.TaskManager: ExecuteQueuedTasks
[2023-04-27 09:20:08.181 +00:00] [INF] [100] Emby.Server.Implementations.IO.LibraryMonitor: Watching directory "/downloads"
[2023-04-27 09:24:24.478 +00:00] [ERR] [16] Emby.Server.Implementations.IO.LibraryMonitor: Error in Directory watcher for: "/downloads"
System.IO.FileNotFoundException: Could not find file '/downloads/incomplete/Puss.in.Boots.The.Last.Wish.2022.BRRip.x264-LAMA__GbEagA'.
File name: '/downloads/incomplete/Puss.in.Boots.The.Last.Wish.2022.BRRip.x264-LAMA__GbEagA'
[2023-04-27 09:24:24.479 +00:00] [INF] [16] Emby.Server.Implementations.IO.LibraryMonitor: Stopping directory watching for path "/downloads"
[2023-04-27 09:24:35.628 +00:00] [INF] [81] Emby.Server.Implementations.HttpServer.WebSocketManager: WS "172.27.0.1" closed
[2023-04-27 09:24:36.598 +00:00] [INF] [80] Emby.Server.Implementations.HttpServer.WebSocketManager: WS "172.27.0.1" request
[2023-04-27 09:24:41.299 +00:00] [INF] [86] Emby.Server.Implementations.ScheduledTasks.TaskManager: Executing "Scanner la médiathèque"
[2023-04-27 09:24:41.300 +00:00] [INF] [86] Emby.Server.Implementations.Library.LibraryManager: Validating media library
[2023-04-27 09:24:41.308 +00:00] [INF] [81] Emby.Server.Implementations.Library.LibraryManager: Removing item, Type: "Folder", Name: "Puss.in.Boots.The.Last.Wish.2022.BRRip.x264-LAMA", Path: "/downloads/incomplete/Puss.in.Boots.The.Last.Wish.2022.BRRip.x264-LAMA", Id: f860c058-195e-ec1a-451a-266e523a6535
[2023-04-27 09:24:48.623 +00:00] [INF] [80] Emby.Drawing.ImageProcessor: Creating image collage and saving to "/config/cache/temp/30a50ab7d52940a789354cde50db4321.png"
[2023-04-27 09:24:48.974 +00:00] [INF] [80] Emby.Drawing.ImageProcessor: Completed creation of image collage and saved to "/config/cache/temp/30a50ab7d52940a789354cde50db4321.png"
[2023-04-27 09:24:49.028 +00:00] [INF] [81] Emby.Drawing.ImageProcessor: Creating image collage and saving to "/config/cache/temp/4e7ab1be3de9419f93c384cfc5ea4c60.png"
[2023-04-27 09:24:49.389 +00:00] [INF] [81] Emby.Drawing.ImageProcessor: Completed creation of image collage and saved to "/config/cache/temp/4e7ab1be3de9419f93c384cfc5ea4c60.png"
[2023-04-27 09:24:49.438 +00:00] [INF] [80] Emby.Drawing.ImageProcessor: Creating image collage and saving to "/config/cache/temp/c57fe22795114e0fada929d386c449d7.png"
[2023-04-27 09:24:49.813 +00:00] [INF] [80] Emby.Drawing.ImageProcessor: Completed creation of image collage and saved to "/config/cache/temp/c57fe22795114e0fada929d386c449d7.png"
[2023-04-27 09:24:49.863 +00:00] [INF] [80] Emby.Drawing.ImageProcessor: Creating image collage and saving to "/config/cache/temp/b28cec49b5c0406f91ca5a5bd28afa2a.png"
[2023-04-27 09:24:50.237 +00:00] [INF] [80] Emby.Drawing.ImageProcessor: Completed creation of image collage and saved to "/config/cache/temp/b28cec49b5c0406f91ca5a5bd28afa2a.png"
[2023-04-27 09:24:50.285 +00:00] [INF] [80] Emby.Drawing.ImageProcessor: Creating image collage and saving to "/config/cache/temp/cdee72d0b15e4493bd75571083f590a9.png"
[2023-04-27 09:24:50.668 +00:00] [INF] [80] Emby.Drawing.ImageProcessor: Completed creation of image collage and saved to "/config/cache/temp/cdee72d0b15e4493bd75571083f590a9.png"
[2023-04-27 09:24:50.718 +00:00] [INF] [70] Emby.Drawing.ImageProcessor: Creating image collage and saving to "/config/cache/temp/d8f3a45a0598412fa5fb92c6b12af815.png"
[2023-04-27 09:24:51.079 +00:00] [INF] [70] Emby.Drawing.ImageProcessor: Completed creation of image collage and saved to "/config/cache/temp/d8f3a45a0598412fa5fb92c6b12af815.png"
[2023-04-27 09:24:52.795 +00:00] [INF] [80] Emby.Server.Implementations.ScheduledTasks.TaskManager: "Scanner la médiathèque" Completed after 0 minute(s) and 11 seconds
[2023-04-27 09:24:52.796 +00:00] [INF] [80] Emby.Server.Implementations.ScheduledTasks.TaskManager: ExecuteQueuedTasks
[2023-04-27 09:24:52.796 +00:00] [INF] [81] Emby.Server.Implementations.IO.LibraryMonitor: Watching directory "/downloads"
[2023-04-27 09:25:03.166 +00:00] [INF] [104] Jellyfin.Api.Helpers.MediaInfoHelper: User policy for "Matteo". EnablePlaybackRemuxing: True EnableVideoPlaybackTranscoding: True EnableAudioPlaybackTranscoding: True
[2023-04-27 09:25:03.193 +00:00] [INF] [104] Jellyfin.Api.Helpers.MediaInfoHelper: StreamBuilder.BuildVideoItem( Profile="Anonymous Profile", Path="/downloads/complete/Puss.in.Boots.The.Last.Wish.2022.BRRip.x264-LAMA/Puss.in.Boots.The.Last.Wish.2022.BRRip.x264-LAMA.mp4", AudioStreamIndex=1, SubtitleStreamIndex=-1 ) => ( PlayMethod=DirectPlay, TranscodeReason=0 ) "media:/videos/76a40ae3-88a2-0e8f-674a-2e66a86debd0/stream.mp4?MediaSourceId=76a40ae388a20e8f674a2e66a86debd0&Static=true&VideoCodec=h264&AudioCodec=aac&AudioStreamIndex=1&api_key=<token>&SubtitleMethod=Encode&Tag=dc2f3f90797219e948241e059230e52d"
[2023-04-27 09:25:10.567 +00:00] [INF] [81] Emby.Server.Implementations.Session.SessionManager: Playback stopped reported by app "Jellyfin Web" "10.8.10" playing "Le Chat Potté 2 : la dernière quête". Stopped at "2744888" ms
[2023-04-27 09:25:27.523 +00:00] [INF] [87] Emby.Server.Implementations.HttpServer.WebSocketManager: WS "172.27.0.1" closed
[2023-04-27 09:25:28.006 +00:00] [INF] [85] Emby.Server.Implementations.HttpServer.WebSocketManager: WS "172.27.0.1" request
[2023-04-27 09:25:28.645 +00:00] [INF] [86] Jellyfin.Api.Helpers.MediaInfoHelper: User policy for "Matteo". EnablePlaybackRemuxing: True EnableVideoPlaybackTranscoding: True EnableAudioPlaybackTranscoding: True
[2023-04-27 09:25:28.646 +00:00] [INF] [86] Jellyfin.Api.Helpers.MediaInfoHelper: StreamBuilder.BuildVideoItem( Profile="Anonymous Profile", Path="/downloads/complete/Puss.in.Boots.The.Last.Wish.2022.BRRip.x264-LAMA/Puss.in.Boots.The.Last.Wish.2022.BRRip.x264-LAMA.mp4", AudioStreamIndex=null, SubtitleStreamIndex=null ) => ( PlayMethod=DirectPlay, TranscodeReason=0 ) "media:/videos/76a40ae3-88a2-0e8f-674a-2e66a86debd0/stream.mp4?MediaSourceId=76a40ae388a20e8f674a2e66a86debd0&Static=true&VideoCodec=h264&AudioCodec=aac&AudioStreamIndex=1&api_key=<token>&SubtitleMethod=Encode&Tag=dc2f3f90797219e948241e059230e52d"
[2023-04-27 09:25:31.919 +00:00] [INF] [86] Emby.Server.Implementations.Session.SessionManager: Playback stopped reported by app "Jellyfin Web" "10.8.10" playing "Le Chat Potté 2 : la dernière quête". Stopped at "1298001" ms
[2023-04-27 09:25:43.177 +00:00] [INF] [91] Emby.Server.Implementations.HttpServer.WebSocketManager: WS "172.27.0.1" closed
[2023-04-27 09:25:43.551 +00:00] [INF] [87] Emby.Server.Implementations.HttpServer.WebSocketManager: WS "172.27.0.1" request
[2023-04-27 09:25:51.418 +00:00] [INF] [104] Emby.Server.Implementations.ScheduledTasks.TaskManager: Executing "Scanner la médiathèque"
[2023-04-27 09:25:51.418 +00:00] [INF] [104] Emby.Server.Implementations.IO.LibraryMonitor: Stopping directory watching for path "/downloads"
[2023-04-27 09:25:51.419 +00:00] [INF] [104] Emby.Server.Implementations.Library.LibraryManager: Validating media library
[2023-04-27 09:25:51.424 +00:00] [INF] [91] Emby.Drawing.ImageProcessor: Creating image collage and saving to "/config/cache/temp/f71b6f5019db4d249dfea77c5a337e9a.png"
[2023-04-27 09:25:51.570 +00:00] [INF] [91] Emby.Drawing.ImageProcessor: Completed creation of image collage and saved to "/config/cache/temp/f71b6f5019db4d249dfea77c5a337e9a.png"
[2023-04-27 09:25:55.746 +00:00] [INF] [12] Emby.Server.Implementations.ScheduledTasks.TaskManager: "Scanner la médiathèque" Completed after 0 minute(s) and 4 seconds
[2023-04-27 09:25:55.747 +00:00] [INF] [4] Emby.Server.Implementations.IO.LibraryMonitor: Watching directory "/downloads"
[2023-04-27 09:25:55.747 +00:00] [INF] [12] Emby.Server.Implementations.ScheduledTasks.TaskManager: ExecuteQueuedTasks
[2023-04-27 09:28:20.704 +00:00] [INF] [99] Emby.Server.Implementations.HttpServer.WebSocketManager: WS "172.27.0.1" closed
[2023-04-27 09:28:21.172 +00:00] [INF] [76] Emby.Server.Implementations.HttpServer.WebSocketManager: WS "172.27.0.1" request
[2023-04-27 09:29:19.586 +00:00] [INF] [2] Main: Received a SIGTERM signal, shutting down
[2023-04-27 09:29:19.586 +00:00] [INF] [2] Main: Running query planner optimizations in the database... This might take a while
[2023-04-27 09:29:19.605 +00:00] [INF] [2] Emby.Server.Implementations.ApplicationHost: Disposing "CoreAppHost"
[2023-04-27 09:29:19.605 +00:00] [INF] [2] Emby.Server.Implementations.ApplicationHost: Disposing "EntryPoint"
[2023-04-27 09:29:19.606 +00:00] [INF] [2] Emby.Server.Implementations.ApplicationHost: Disposing "UserDataChangeNotifier"
[2023-04-27 09:29:19.606 +00:00] [INF] [2] Emby.Server.Implementations.ApplicationHost: Disposing "SchedulesDirect"
[2023-04-27 09:29:19.606 +00:00] [INF] [2] Emby.Server.Implementations.ApplicationHost: Disposing "EmbyTV"
[2023-04-27 09:29:19.606 +00:00] [INF] [2] Emby.Server.Implementations.ApplicationHost: Disposing "EntryPoint"
[2023-04-27 09:29:19.606 +00:00] [INF] [2] Emby.Server.Implementations.ApplicationHost: Disposing "LibraryMonitorStartup"
[2023-04-27 09:29:19.606 +00:00] [INF] [2] Emby.Server.Implementations.ApplicationHost: Disposing "LibraryChangedNotifier"
[2023-04-27 09:29:19.607 +00:00] [INF] [2] Emby.Server.Implementations.ApplicationHost: Disposing "DlnaEntryPoint"
[2023-04-27 09:29:19.607 +00:00] [INF] [2] Emby.Dlna.Main.DlnaEntryPoint: Disposing PlayToManager
[2023-04-27 09:29:19.608 +00:00] [INF] [2] Emby.Dlna.Main.DlnaEntryPoint: Disposing DeviceDiscovery
[2023-04-27 09:29:19.608 +00:00] [INF] [2] Emby.Dlna.Main.DlnaEntryPoint: Disposing SsdpCommunicationsServer
[2023-04-27 09:29:19.608 +00:00] [INF] [2] Emby.Dlna.Main.DlnaEntryPoint: "SsdpCommunicationsServer" disposing _BroadcastListenSocket
[2023-04-27 09:29:19.609 +00:00] [INF] [2] Emby.Dlna.Main.DlnaEntryPoint: "SsdpCommunicationsServer" Disposing 3 sendSockets
[2023-04-27 09:29:19.609 +00:00] [INF] [2] Emby.Dlna.Main.DlnaEntryPoint: "SsdpCommunicationsServer" disposing sendSocket from "0.0.0.0"
[2023-04-27 09:29:19.609 +00:00] [INF] [2] Emby.Dlna.Main.DlnaEntryPoint: "SsdpCommunicationsServer" disposing sendSocket from "172.27.0.3"
[2023-04-27 09:29:19.609 +00:00] [INF] [2] Emby.Dlna.Main.DlnaEntryPoint: "SsdpCommunicationsServer" disposing sendSocket from "127.0.0.1"
[2023-04-27 09:29:19.609 +00:00] [INF] [2] Emby.Server.Implementations.ApplicationHost: Disposing "UdpServerEntryPoint"
[2023-04-27 09:29:19.609 +00:00] [INF] [2] Emby.Server.Implementations.ApplicationHost: Disposing "MusicBrainzAlbumProvider"
[2023-04-27 09:29:19.609 +00:00] [INF] [2] Emby.Server.Implementations.ApplicationHost: Disposing "ExternalPortForwarding"
[2023-04-27 09:29:19.610 +00:00] [INF] [2] Emby.Server.Implementations.EntryPoints.ExternalPortForwarding: Stopping NAT discovery
[2023-04-27 09:29:19.610 +00:00] [INF] [2] Emby.Server.Implementations.ApplicationHost: Disposing "NotificationEntryPoint"
[2023-04-27 09:29:19.610 +00:00] [INF] [2] Emby.Server.Implementations.ApplicationHost: Disposing "RecordingNotifier"
[2023-04-27 09:29:19.611 +00:00] [INF] [2] Emby.Server.Implementations.ApplicationHost: Disposing "DeviceAccessEntryPoint"
[2023-04-27 09:29:19.616 +00:00] [INF] [62] Emby.Server.Implementations.HttpServer.WebSocketManager: WS "172.27.0.1" closed
[2023-04-27 09:33:57.651 +00:00] [INF] [1] Main: Jellyfin version: "10.8.10"
[2023-04-27 09:33:57.662 +00:00] [INF] [1] Main: Environment Variables: ["[JELLYFIN_DATA_DIR, /config/data]", "[JELLYFIN_LOG_DIR, /config/log]", "[JELLYFIN_WEB_DIR, /usr/share/jellyfin/web]", "[JELLYFIN_CONFIG_DIR, /config]", "[JELLYFIN_CACHE_DIR, /config/cache]"]
[2023-04-27 09:33:57.664 +00:00] [INF] [1] Main: Arguments: ["/usr/lib/jellyfin/bin/jellyfin.dll", "--ffmpeg=/usr/lib/jellyfin-ffmpeg/ffmpeg"]
[2023-04-27 09:33:57.665 +00:00] [INF] [1] Main: Operating system: "Linux"
[2023-04-27 09:33:57.665 +00:00] [INF] [1] Main: Architecture: X64
[2023-04-27 09:33:57.665 +00:00] [INF] [1] Main: 64-Bit Process: True
[2023-04-27 09:33:57.665 +00:00] [INF] [1] Main: User Interactive: True
[2023-04-27 09:33:57.665 +00:00] [INF] [1] Main: Processor count: 16
[2023-04-27 09:33:57.665 +00:00] [INF] [1] Main: Program data path: "/config/data"
[2023-04-27 09:33:57.665 +00:00] [INF] [1] Main: Web resources path: "/usr/share/jellyfin/web"
[2023-04-27 09:33:57.665 +00:00] [INF] [1] Main: Application directory: "/usr/lib/jellyfin/bin/"
[2023-04-27 09:33:57.727 +00:00] [INF] [1] Jellyfin.Server.Migrations.MigrationRunner: Applying migration '"CreateNetworkConfiguration"'
[2023-04-27 09:33:57.728 +00:00] [INF] [1] Jellyfin.Server.Migrations.MigrationRunner: Migration '"CreateNetworkConfiguration"' applied successfully
[2023-04-27 09:33:57.748 +00:00] [INF] [1] Emby.Server.Implementations.AppBase.BaseConfigurationManager: Setting cache path: "/config/cache"
[2023-04-27 09:33:57.760 +00:00] [INF] [1] Emby.Server.Implementations.ApplicationHost: Loading assemblies
[2023-04-27 09:33:57.818 +00:00] [INF] [1] Jellyfin.Networking.Manager.NetworkManager: Defined LAN addresses : "[10.0.0.0/8,172.16.0.0/12,192.168.0.0/16]"
[2023-04-27 09:33:57.818 +00:00] [INF] [1] Jellyfin.Networking.Manager.NetworkManager: Defined LAN exclusions : "[]"
[2023-04-27 09:33:57.819 +00:00] [INF] [1] Jellyfin.Networking.Manager.NetworkManager: Using LAN addresses: "[10.0.0.0/8,172.16.0.0/12,192.168.0.0/16]"
[2023-04-27 09:33:57.823 +00:00] [INF] [1] Jellyfin.Networking.Manager.NetworkManager: Using bind addresses: "[]"
[2023-04-27 09:33:57.823 +00:00] [INF] [1] Jellyfin.Networking.Manager.NetworkManager: Using bind exclusions: "[]"
[2023-04-27 09:33:58.891 +00:00] [INF] [1] Emby.Server.Implementations.Plugins.PluginManager: Loaded plugin: "TMDb" "10.8.10.0"
[2023-04-27 09:33:58.891 +00:00] [INF] [1] Emby.Server.Implementations.Plugins.PluginManager: Loaded plugin: "Studio Images" "10.8.10.0"
[2023-04-27 09:33:58.891 +00:00] [INF] [1] Emby.Server.Implementations.Plugins.PluginManager: Loaded plugin: "OMDb" "10.8.10.0"
[2023-04-27 09:33:58.891 +00:00] [INF] [1] Emby.Server.Implementations.Plugins.PluginManager: Loaded plugin: "MusicBrainz" "10.8.10.0"
[2023-04-27 09:33:58.891 +00:00] [INF] [1] Emby.Server.Implementations.Plugins.PluginManager: Loaded plugin: "AudioDB" "10.8.10.0"
[2023-04-27 09:33:58.923 +00:00] [INF] [1] Main: Kestrel listening on "Any IP4 Address"
[2023-04-27 09:33:58.956 +00:00] [WRN] [1] Microsoft.AspNetCore.DataProtection.Repositories.EphemeralXmlRepository: Using an in-memory repository. Keys will not be persisted to storage.
[2023-04-27 09:33:58.956 +00:00] [WRN] [1] Microsoft.AspNetCore.DataProtection.KeyManagement.XmlKeyManager: Neither user profile nor HKLM registry available. Using an ephemeral key repository. Protected data will be unavailable when application exits.
[2023-04-27 09:33:59.112 +00:00] [WRN] [1] Microsoft.AspNetCore.DataProtection.KeyManagement.XmlKeyManager: No XML encryptor configured. Key {11f2400e-d011-4a4b-8feb-9950714b6e8f} may be persisted to storage in unencrypted form.
[2023-04-27 09:33:59.125 +00:00] [INF] [1] Emby.Server.Implementations.ApplicationHost: Running startup tasks
[2023-04-27 09:33:59.142 +00:00] [INF] [1] Emby.Server.Implementations.ScheduledTasks.TaskManager: Daily trigger for "Extraire les images de chapitre" set to fire at 2023-04-28 02:00:00.000 +00:00, which is 16:26:00.8576120 from now.
[2023-04-27 09:33:59.180 +00:00] [INF] [1] MediaBrowser.MediaEncoding.Encoder.MediaEncoder: Found ffmpeg version "5.1.3"
[2023-04-27 09:33:59.198 +00:00] [INF] [1] MediaBrowser.MediaEncoding.Encoder.MediaEncoder: Available "decoders": ["libdav1d", "av1", "av1_cuvid", "av1_qsv", "h264", "h264_qsv", "h264_cuvid", "hevc", "hevc_qsv", "hevc_cuvid", "mpeg2video", "mpeg2_qsv", "mpeg2_cuvid", "mpeg4", "mpeg4_cuvid", "msmpeg4", "vc1_qsv", "vc1_cuvid", "vp8", "libvpx", "vp8_cuvid", "vp8_qsv", "vp9", "libvpx-vp9", "vp9_cuvid", "vp9_qsv", "aac", "ac3", "dca", "flac", "mp3", "truehd"]
[2023-04-27 09:33:59.209 +00:00] [INF] [1] MediaBrowser.MediaEncoding.Encoder.MediaEncoder: Available "encoders": ["libx264", "h264_amf", "h264_nvenc", "h264_qsv", "h264_v4l2m2m", "h264_vaapi", "libx265", "hevc_amf", "hevc_nvenc", "hevc_qsv", "hevc_vaapi", "mpeg4", "msmpeg4", "libvpx", "libvpx-vp9", "aac", "libfdk_aac", "ac3", "dca", "flac", "libmp3lame", "libopus", "truehd", "libvorbis", "srt"]
[2023-04-27 09:33:59.218 +00:00] [INF] [1] MediaBrowser.MediaEncoding.Encoder.MediaEncoder: Available filters: ["deinterlace_qsv", "deinterlace_vaapi", "hwupload_cuda", "hwupload_vaapi", "overlay_opencl", "overlay_qsv", "overlay_vaapi", "overlay_cuda", "procamp_vaapi", "scale_cuda", "scale_opencl", "scale_qsv", "scale_vaapi", "tonemap_cuda", "tonemap_opencl", "tonemap_vaapi", "vpp_qsv", "yadif_cuda", "zscale", "alphasrc"]
[2023-04-27 09:33:59.267 +00:00] [INF] [1] MediaBrowser.MediaEncoding.Encoder.MediaEncoder: Available hwaccel types: ["cuda", "vaapi", "qsv", "drm", "opencl", "vulkan"]
[2023-04-27 09:33:59.340 +00:00] [INF] [1] MediaBrowser.MediaEncoding.Encoder.MediaEncoder: FFmpeg: "/usr/lib/jellyfin-ffmpeg/ffmpeg"
[2023-04-27 09:33:59.341 +00:00] [INF] [1] Emby.Server.Implementations.ApplicationHost: ServerId: "4599b668a2dd4b94b1a1f72f16fe8a03"
[2023-04-27 09:33:59.398 +00:00] [INF] [1] Emby.Server.Implementations.ApplicationHost: Executed all pre-startup entry points in 0:00:00.052678
[2023-04-27 09:33:59.398 +00:00] [INF] [1] Emby.Server.Implementations.ApplicationHost: Core startup complete
[2023-04-27 09:33:59.518 +00:00] [INF] [11] Emby.Server.Implementations.IO.LibraryMonitor: Watching directory "/downloads"
[2023-04-27 09:33:59.521 +00:00] [INF] [1] Emby.Server.Implementations.ApplicationHost: Executed all post-startup entry points in 0:00:00.1228884
[2023-04-27 09:33:59.521 +00:00] [INF] [1] Main: Startup complete 0:00:01.9575304
[2023-04-27 09:34:02.157 +00:00] [INF] [11] Emby.Server.Implementations.ScheduledTasks.TaskManager: "StartupTrigger" fired for task: "Mettre à jour les extensions"
[2023-04-27 09:34:02.159 +00:00] [INF] [11] Emby.Server.Implementations.ScheduledTasks.TaskManager: Queuing task "PluginUpdateTask"
[2023-04-27 09:34:02.163 +00:00] [INF] [13] Emby.Server.Implementations.ScheduledTasks.TaskManager: Executing "Mettre à jour les extensions"
[2023-04-27 09:34:03.172 +00:00] [INF] [17] Emby.Server.Implementations.ScheduledTasks.TaskManager: "Mettre à jour les extensions" Completed after 0 minute(s) and 1 seconds
[2023-04-27 09:34:03.178 +00:00] [INF] [17] Emby.Server.Implementations.ScheduledTasks.TaskManager: ExecuteQueuedTasks
[2023-04-27 09:35:48.177 +00:00] [INF] [3] Emby.Server.Implementations.HttpServer.WebSocketManager: WS "172.27.0.1" request
[2023-04-27 09:35:49.808 +00:00] [INF] [31] Emby.Server.Implementations.HttpServer.WebSocketManager: WS "172.27.0.1" closed
[2023-04-27 09:35:50.193 +00:00] [INF] [34] Emby.Server.Implementations.HttpServer.WebSocketManager: WS "172.27.0.1" request
[2023-04-27 09:35:50.243 +00:00] [WRN] [13] Microsoft.EntityFrameworkCore.Model.Validation: The entity type '"AccessSchedule"' is configured to use schema '"jellyfin"', but SQLite does not support schemas. This configuration will be ignored by the SQLite provider.
[2023-04-27 09:35:50.243 +00:00] [WRN] [13] Microsoft.EntityFrameworkCore.Model.Validation: The entity type '"ActivityLog"' is configured to use schema '"jellyfin"', but SQLite does not support schemas. This configuration will be ignored by the SQLite provider.
[2023-04-27 09:35:50.243 +00:00] [WRN] [13] Microsoft.EntityFrameworkCore.Model.Validation: The entity type '"CustomItemDisplayPreferences"' is configured to use schema '"jellyfin"', but SQLite does not support schemas. This configuration will be ignored by the SQLite provider.
[2023-04-27 09:35:50.243 +00:00] [WRN] [13] Microsoft.EntityFrameworkCore.Model.Validation: The entity type '"DisplayPreferences"' is configured to use schema '"jellyfin"', but SQLite does not support schemas. This configuration will be ignored by the SQLite provider.
[2023-04-27 09:35:50.243 +00:00] [WRN] [13] Microsoft.EntityFrameworkCore.Model.Validation: The entity type '"HomeSection"' is configured to use schema '"jellyfin"', but SQLite does not support schemas. This configuration will be ignored by the SQLite provider.
[2023-04-27 09:35:50.243 +00:00] [WRN] [13] Microsoft.EntityFrameworkCore.Model.Validation: The entity type '"ImageInfo"' is configured to use schema '"jellyfin"', but SQLite does not support schemas. This configuration will be ignored by the SQLite provider.
[2023-04-27 09:35:50.243 +00:00] [WRN] [13] Microsoft.EntityFrameworkCore.Model.Validation: The entity type '"ItemDisplayPreferences"' is configured to use schema '"jellyfin"', but SQLite does not support schemas. This configuration will be ignored by the SQLite provider.
[2023-04-27 09:35:50.243 +00:00] [WRN] [13] Microsoft.EntityFrameworkCore.Model.Validation: The entity type '"Permission"' is configured to use schema '"jellyfin"', but SQLite does not support schemas. This configuration will be ignored by the SQLite provider.
[2023-04-27 09:35:50.243 +00:00] [WRN] [13] Microsoft.EntityFrameworkCore.Model.Validation: The entity type '"Preference"' is configured to use schema '"jellyfin"', but SQLite does not support schemas. This configuration will be ignored by the SQLite provider.
[2023-04-27 09:35:50.243 +00:00] [WRN] [13] Microsoft.EntityFrameworkCore.Model.Validation: The entity type '"ApiKey"' is configured to use schema '"jellyfin"', but SQLite does not support schemas. This configuration will be ignored by the SQLite provider.
[2023-04-27 09:35:50.243 +00:00] [WRN] [13] Microsoft.EntityFrameworkCore.Model.Validation: The entity type '"Device"' is configured to use schema '"jellyfin"', but SQLite does not support schemas. This configuration will be ignored by the SQLite provider.
[2023-04-27 09:35:50.243 +00:00] [WRN] [13] Microsoft.EntityFrameworkCore.Model.Validation: The entity type '"DeviceOptions"' is configured to use schema '"jellyfin"', but SQLite does not support schemas. This configuration will be ignored by the SQLite provider.
[2023-04-27 09:35:50.243 +00:00] [WRN] [13] Microsoft.EntityFrameworkCore.Model.Validation: The entity type '"User"' is configured to use schema '"jellyfin"', but SQLite does not support schemas. This configuration will be ignored by the SQLite provider.
[2023-04-27 09:35:54.388 +00:00] [INF] [28] Emby.Server.Implementations.ScheduledTasks.TaskManager: Executing "Scanner la médiathèque"
[2023-04-27 09:35:54.396 +00:00] [INF] [28] Emby.Server.Implementations.IO.LibraryMonitor: Stopping directory watching for path "/downloads"
[2023-04-27 09:35:54.398 +00:00] [INF] [28] Emby.Server.Implementations.Library.LibraryManager: Validating media library
[2023-04-27 09:35:54.673 +00:00] [INF] [28] Emby.Server.Implementations.Library.LibraryManager: Removing item, Type: "Movie", Name: "Le Chat Potté 2 : la dernière quête", Path: "/downloads/complete/Puss.in.Boots.The.Last.Wish.2022.BRRip.x264-LAMA/Puss.in.Boots.The.Last.Wish.2022.BRRip.x264-LAMA.mp4", Id: 76a40ae3-88a2-0e8f-674a-2e66a86debd0
[2023-04-27 09:35:54.739 +00:00] [ERR] [35] Emby.Server.Implementations.Library.LibraryManager: Error running post-scan task
System.ArgumentException: Not enough valid pictures provided to create a splashscreen!
   at Jellyfin.Drawing.Skia.SplashscreenBuilder.GenerateCollage(IReadOnlyList`1 posters, IReadOnlyList`1 backdrops)
   at Jellyfin.Drawing.Skia.SplashscreenBuilder.GenerateSplash(IReadOnlyList`1 posters, IReadOnlyList`1 backdrops, String outputPath)
   at Jellyfin.Drawing.Skia.SkiaEncoder.CreateSplashscreen(IReadOnlyList`1 posters, IReadOnlyList`1 backdrops)
   at Emby.Server.Implementations.Library.SplashscreenPostScanTask.Run(IProgress`1 progress, CancellationToken cancellationToken)
   at Emby.Server.Implementations.Library.LibraryManager.RunPostScanTasks(IProgress`1 progress, CancellationToken cancellationToken)
[2023-04-27 09:35:54.755 +00:00] [INF] [35] Emby.Server.Implementations.Library.Validators.StudiosValidator: Deleting dead "Studio" "e06730e67f5a2e6712cb6789f424a16d" "DreamWorks Animation"
[2023-04-27 09:35:54.755 +00:00] [INF] [35] Emby.Server.Implementations.Library.LibraryManager: Removing item, Type: "Studio", Name: "DreamWorks Animation", Path: "/config/data/metadata/Studio/DreamWorks Animation", Id: e06730e6-7f5a-2e67-12cb-6789f424a16d
[2023-04-27 09:35:54.765 +00:00] [INF] [35] Emby.Server.Implementations.Library.Validators.StudiosValidator: Deleting dead "Studio" "e56aaac7ab0bb0f5f48371be0252bab4" "Universal Pictures"
[2023-04-27 09:35:54.765 +00:00] [INF] [35] Emby.Server.Implementations.Library.LibraryManager: Removing item, Type: "Studio", Name: "Universal Pictures", Path: "/config/data/metadata/Studio/Universal Pictures", Id: e56aaac7-ab0b-b0f5-f483-71be0252bab4
[2023-04-27 09:35:54.781 +00:00] [INF] [35] Emby.Server.Implementations.ScheduledTasks.TaskManager: "Scanner la médiathèque" Completed after 0 minute(s) and 0 seconds
[2023-04-27 09:35:54.781 +00:00] [INF] [26] Emby.Server.Implementations.IO.LibraryMonitor: Watching directory "/downloads"
[2023-04-27 09:35:54.782 +00:00] [INF] [35] Emby.Server.Implementations.ScheduledTasks.TaskManager: ExecuteQueuedTasks
[2023-04-27 09:36:13.597 +00:00] [INF] [27] Emby.Server.Implementations.IO.LibraryMonitor: Stopping directory watching for path "/downloads"
[2023-04-27 09:36:13.619 +00:00] [INF] [27] Emby.Server.Implementations.Library.LibraryManager: Removing item, Type: "Folder", Name: "downloads", Path: "/downloads", Id: 79ca1ab8-7987-e930-30d2-48573e467121
[2023-04-27 09:36:13.682 +00:00] [INF] [25] Emby.Server.Implementations.Library.LibraryManager: Removing item, Type: "CollectionFolder", Name: "Movies", Path: "/config/data/root/default/Movies", Id: f137a2dd-21bb-c1b9-9aa5-c0f6bf02a805
[2023-04-27 09:36:13.695 +00:00] [INF] [27] Emby.Server.Implementations.ScheduledTasks.TaskManager: Queuing task "RefreshMediaLibraryTask"
[2023-04-27 09:36:13.695 +00:00] [INF] [27] Emby.Server.Implementations.ScheduledTasks.TaskManager: Executing "Scanner la médiathèque"
[2023-04-27 09:36:13.695 +00:00] [INF] [27] Emby.Server.Implementations.Library.LibraryManager: Validating media library
[2023-04-27 09:36:13.718 +00:00] [ERR] [27] Emby.Server.Implementations.Library.LibraryManager: Error running post-scan task
System.ArgumentException: Not enough valid pictures provided to create a splashscreen!
   at Jellyfin.Drawing.Skia.SplashscreenBuilder.GenerateCollage(IReadOnlyList`1 posters, IReadOnlyList`1 backdrops)
   at Jellyfin.Drawing.Skia.SplashscreenBuilder.GenerateSplash(IReadOnlyList`1 posters, IReadOnlyList`1 backdrops, String outputPath)
   at Jellyfin.Drawing.Skia.SkiaEncoder.CreateSplashscreen(IReadOnlyList`1 posters, IReadOnlyList`1 backdrops)
   at Emby.Server.Implementations.Library.SplashscreenPostScanTask.Run(IProgress`1 progress, CancellationToken cancellationToken)
   at Emby.Server.Implementations.Library.LibraryManager.RunPostScanTasks(IProgress`1 progress, CancellationToken cancellationToken)
[2023-04-27 09:36:13.719 +00:00] [INF] [27] Emby.Server.Implementations.ScheduledTasks.TaskManager: "Scanner la médiathèque" Completed after 0 minute(s) and 0 seconds
[2023-04-27 09:36:13.720 +00:00] [INF] [27] Emby.Server.Implementations.ScheduledTasks.TaskManager: ExecuteQueuedTasks
[2023-04-27 09:36:24.830 +00:00] [INF] [29] Emby.Server.Implementations.ScheduledTasks.TaskManager: Queuing task "RefreshMediaLibraryTask"
[2023-04-27 09:36:24.830 +00:00] [INF] [35] Emby.Server.Implementations.ScheduledTasks.TaskManager: Executing "Scanner la médiathèque"
[2023-04-27 09:36:24.831 +00:00] [INF] [35] Emby.Server.Implementations.Library.LibraryManager: Validating media library
[2023-04-27 09:36:24.858 +00:00] [ERR] [33] Emby.Server.Implementations.Library.LibraryManager: Error running post-scan task
System.ArgumentException: Not enough valid pictures provided to create a splashscreen!
   at Jellyfin.Drawing.Skia.SplashscreenBuilder.GenerateCollage(IReadOnlyList`1 posters, IReadOnlyList`1 backdrops)
   at Jellyfin.Drawing.Skia.SplashscreenBuilder.GenerateSplash(IReadOnlyList`1 posters, IReadOnlyList`1 backdrops, String outputPath)
   at Jellyfin.Drawing.Skia.SkiaEncoder.CreateSplashscreen(IReadOnlyList`1 posters, IReadOnlyList`1 backdrops)
   at Emby.Server.Implementations.Library.SplashscreenPostScanTask.Run(IProgress`1 progress, CancellationToken cancellationToken)
   at Emby.Server.Implementations.Library.LibraryManager.RunPostScanTasks(IProgress`1 progress, CancellationToken cancellationToken)
[2023-04-27 09:36:24.859 +00:00] [INF] [33] Emby.Server.Implementations.ScheduledTasks.TaskManager: "Scanner la médiathèque" Completed after 0 minute(s) and 0 seconds
[2023-04-27 09:36:24.860 +00:00] [INF] [26] Emby.Server.Implementations.IO.LibraryMonitor: Watching directory "/downloads/movies"
[2023-04-27 09:36:24.860 +00:00] [INF] [33] Emby.Server.Implementations.ScheduledTasks.TaskManager: ExecuteQueuedTasks
[2023-04-27 09:37:04.592 +00:00] [INF] [34] Emby.Server.Implementations.IO.LibraryMonitor: Stopping directory watching for path "/downloads/movies"
[2023-04-27 09:37:04.659 +00:00] [INF] [25] Emby.Server.Implementations.ScheduledTasks.TaskManager: Queuing task "RefreshMediaLibraryTask"
[2023-04-27 09:37:04.659 +00:00] [INF] [33] Emby.Server.Implementations.ScheduledTasks.TaskManager: Executing "Scanner la médiathèque"
[2023-04-27 09:37:04.659 +00:00] [INF] [33] Emby.Server.Implementations.Library.LibraryManager: Validating media library
[2023-04-27 09:37:04.687 +00:00] [ERR] [33] Emby.Server.Implementations.Library.LibraryManager: Error running post-scan task
System.ArgumentException: Not enough valid pictures provided to create a splashscreen!
   at Jellyfin.Drawing.Skia.SplashscreenBuilder.GenerateCollage(IReadOnlyList`1 posters, IReadOnlyList`1 backdrops)
   at Jellyfin.Drawing.Skia.SplashscreenBuilder.GenerateSplash(IReadOnlyList`1 posters, IReadOnlyList`1 backdrops, String outputPath)
   at Jellyfin.Drawing.Skia.SkiaEncoder.CreateSplashscreen(IReadOnlyList`1 posters, IReadOnlyList`1 backdrops)
   at Emby.Server.Implementations.Library.SplashscreenPostScanTask.Run(IProgress`1 progress, CancellationToken cancellationToken)
   at Emby.Server.Implementations.Library.LibraryManager.RunPostScanTasks(IProgress`1 progress, CancellationToken cancellationToken)
[2023-04-27 09:37:04.689 +00:00] [INF] [33] Emby.Server.Implementations.ScheduledTasks.TaskManager: "Scanner la médiathèque" Completed after 0 minute(s) and 0 seconds
[2023-04-27 09:37:04.689 +00:00] [INF] [28] Emby.Server.Implementations.IO.LibraryMonitor: Watching directory "/downloads/anime"
[2023-04-27 09:37:04.689 +00:00] [INF] [25] Emby.Server.Implementations.IO.LibraryMonitor: Watching directory "/downloads/movies"
[2023-04-27 09:37:04.689 +00:00] [INF] [33] Emby.Server.Implementations.ScheduledTasks.TaskManager: ExecuteQueuedTasks
[2023-04-27 09:37:11.149 +00:00] [INF] [28] Emby.Server.Implementations.IO.LibraryMonitor: Stopping directory watching for path "/downloads/movies"
[2023-04-27 09:37:11.149 +00:00] [INF] [28] Emby.Server.Implementations.IO.LibraryMonitor: Stopping directory watching for path "/downloads/anime"
[2023-04-27 09:37:11.149 +00:00] [INF] [33] Emby.Server.Implementations.ScheduledTasks.TaskManager: Queuing task "RefreshMediaLibraryTask"
[2023-04-27 09:37:11.149 +00:00] [INF] [33] Emby.Server.Implementations.ScheduledTasks.TaskManager: Executing "Scanner la médiathèque"
[2023-04-27 09:37:11.150 +00:00] [INF] [33] Emby.Server.Implementations.Library.LibraryManager: Validating media library
[2023-04-27 09:37:11.152 +00:00] [INF] [34] Emby.Server.Implementations.Library.LibraryManager: Removing item, Type: "CollectionFolder", Name: "Movies", Path: "/config/data/root/default/Movies", Id: f137a2dd-21bb-c1b9-9aa5-c0f6bf02a805
[2023-04-27 09:37:11.200 +00:00] [ERR] [16] Emby.Server.Implementations.Library.LibraryManager: Error running post-scan task
System.ArgumentException: Not enough valid pictures provided to create a splashscreen!
   at Jellyfin.Drawing.Skia.SplashscreenBuilder.GenerateCollage(IReadOnlyList`1 posters, IReadOnlyList`1 backdrops)
   at Jellyfin.Drawing.Skia.SplashscreenBuilder.GenerateSplash(IReadOnlyList`1 posters, IReadOnlyList`1 backdrops, String outputPath)
   at Jellyfin.Drawing.Skia.SkiaEncoder.CreateSplashscreen(IReadOnlyList`1 posters, IReadOnlyList`1 backdrops)
   at Emby.Server.Implementations.Library.SplashscreenPostScanTask.Run(IProgress`1 progress, CancellationToken cancellationToken)
   at Emby.Server.Implementations.Library.LibraryManager.RunPostScanTasks(IProgress`1 progress, CancellationToken cancellationToken)
[2023-04-27 09:37:11.201 +00:00] [INF] [16] Emby.Server.Implementations.ScheduledTasks.TaskManager: "Scanner la médiathèque" Completed after 0 minute(s) and 0 seconds
[2023-04-27 09:37:11.201 +00:00] [INF] [25] Emby.Server.Implementations.IO.LibraryMonitor: Watching directory "/downloads/movies"
[2023-04-27 09:37:11.201 +00:00] [INF] [3] Emby.Server.Implementations.IO.LibraryMonitor: Watching directory "/downloads/anime"
[2023-04-27 09:37:11.201 +00:00] [INF] [16] Emby.Server.Implementations.ScheduledTasks.TaskManager: ExecuteQueuedTasks
[2023-04-27 09:37:30.872 +00:00] [INF] [17] Emby.Server.Implementations.IO.LibraryMonitor: Stopping directory watching for path "/downloads/movies"
[2023-04-27 09:37:30.873 +00:00] [INF] [17] Emby.Server.Implementations.IO.LibraryMonitor: Stopping directory watching for path "/downloads/anime"
[2023-04-27 09:37:30.939 +00:00] [INF] [33] Emby.Server.Implementations.ScheduledTasks.TaskManager: Queuing task "RefreshMediaLibraryTask"
[2023-04-27 09:37:30.939 +00:00] [INF] [33] Emby.Server.Implementations.ScheduledTasks.TaskManager: Executing "Scanner la médiathèque"
[2023-04-27 09:37:30.939 +00:00] [INF] [33] Emby.Server.Implementations.Library.LibraryManager: Validating media library
[2023-04-27 09:37:30.969 +00:00] [ERR] [34] Emby.Server.Implementations.Library.LibraryManager: Error running post-scan task
System.ArgumentException: Not enough valid pictures provided to create a splashscreen!
   at Jellyfin.Drawing.Skia.SplashscreenBuilder.GenerateCollage(IReadOnlyList`1 posters, IReadOnlyList`1 backdrops)
   at Jellyfin.Drawing.Skia.SplashscreenBuilder.GenerateSplash(IReadOnlyList`1 posters, IReadOnlyList`1 backdrops, String outputPath)
   at Jellyfin.Drawing.Skia.SkiaEncoder.CreateSplashscreen(IReadOnlyList`1 posters, IReadOnlyList`1 backdrops)
   at Emby.Server.Implementations.Library.SplashscreenPostScanTask.Run(IProgress`1 progress, CancellationToken cancellationToken)
   at Emby.Server.Implementations.Library.LibraryManager.RunPostScanTasks(IProgress`1 progress, CancellationToken cancellationToken)
[2023-04-27 09:37:30.970 +00:00] [INF] [34] Emby.Server.Implementations.ScheduledTasks.TaskManager: "Scanner la médiathèque" Completed after 0 minute(s) and 0 seconds
[2023-04-27 09:37:30.971 +00:00] [INF] [33] Emby.Server.Implementations.IO.LibraryMonitor: Watching directory "/downloads/series"
[2023-04-27 09:37:30.971 +00:00] [INF] [26] Emby.Server.Implementations.IO.LibraryMonitor: Watching directory "/downloads/movies"
[2023-04-27 09:37:30.971 +00:00] [INF] [32] Emby.Server.Implementations.IO.LibraryMonitor: Watching directory "/downloads/anime"
[2023-04-27 09:37:30.971 +00:00] [INF] [34] Emby.Server.Implementations.ScheduledTasks.TaskManager: ExecuteQueuedTasks
[2023-04-27 09:47:36.324 +00:00] [INF] [91] Emby.Server.Implementations.Session.SessionWebSocketListener: Sending ForceKeepAlive message to 1 inactive WebSockets.
[2023-04-27 09:47:48.325 +00:00] [INF] [91] Emby.Server.Implementations.Session.SessionWebSocketListener: Sending ForceKeepAlive message to 1 inactive WebSockets.
[2023-04-27 09:48:00.325 +00:00] [INF] [91] Emby.Server.Implementations.Session.SessionWebSocketListener: Lost 1 WebSockets.
[2023-04-27 10:03:50.746 +00:00] [INF] [246] Emby.Server.Implementations.HttpServer.WebSocketManager: WS "172.27.0.1" closed
[2023-04-27 10:03:51.387 +00:00] [INF] [246] Emby.Server.Implementations.HttpServer.WebSocketManager: WS "172.27.0.1" request
[2023-04-27 10:03:55.263 +00:00] [INF] [247] Emby.Server.Implementations.HttpServer.WebSocketManager: WS "172.27.0.1" closed
[2023-04-27 10:11:00.664 +00:00] [INF] [255] Emby.Server.Implementations.IO.LibraryMonitor: "anime" ("/downloads/anime") will be refreshed.
[2023-04-27 10:12:18.182 +00:00] [INF] [259] Emby.Server.Implementations.HttpServer.WebSocketManager: WS "172.27.0.1" request
[2023-04-27 10:12:34.982 +00:00] [INF] [245] Jellyfin.Api.Helpers.MediaInfoHelper: User policy for "Matteo". EnablePlaybackRemuxing: True EnableVideoPlaybackTranscoding: True EnableAudioPlaybackTranscoding: True
[2023-04-27 10:12:35.030 +00:00] [INF] [245] Jellyfin.Api.Helpers.MediaInfoHelper: StreamBuilder.BuildVideoItem( Profile="Anonymous Profile", Path="/downloads/anime/Hell's Paradise/Season 1/[Tora-San] Jigokuraku (Hell's Paradise) - 01 (Dual-Audio 1080p) [Multi-Subs].mkv", AudioStreamIndex=null, SubtitleStreamIndex=null ) => ( PlayMethod=Transcode, TranscodeReason=VideoCodecNotSupported, AudioCodecNotSupported ) "media:/videos/edf0da50-b305-af97-c147-f529b7fe5d60/master.m3u8?MediaSourceId=edf0da50b305af97c147f529b7fe5d60&VideoCodec=h264&AudioCodec=aac&AudioStreamIndex=1&VideoBitrate=139869907&AudioBitrate=130093&AudioSampleRate=44100&MaxFramerate=23.976025&api_key=<token>&TranscodingMaxAudioChannels=2&RequireAvc=false&Tag=14ddcba85ec47f512b6eada17afbdc88&SegmentContainer=ts&MinSegments=1&BreakOnNonKeyFrames=True&hevc-level=120&hevc-videobitdepth=8&hevc-profile=main&hevc-audiochannels=2&aac-profile=lc&TranscodeReasons=VideoCodecNotSupported,%20AudioCodecNotSupported"
[2023-04-27 10:12:35.377 +00:00] [INF] [263] Jellyfin.Api.Controllers.DynamicHlsController: Current HLS implementation doesn't support non-keyframe breaks but one is requested, ignoring that request
[2023-04-27 10:12:35.394 +00:00] [INF] [263] Jellyfin.Api.Helpers.TranscodingJobHelper: "/usr/lib/jellyfin-ffmpeg/ffmpeg" "-analyzeduration 200M -f matroska,webm -autorotate 0 -i file:\"/downloads/anime/Hell's Paradise/Season 1/[Tora-San] Jigokuraku (Hell's Paradise) - 01 (Dual-Audio 1080p) [Multi-Subs].mkv\" -map_metadata -1 -map_chapters -1 -threads 0 -map 0:0 -map 0:1 -map -0:s -codec:v:0 libx264 -preset veryfast -crf 23 -maxrate 4143900 -bufsize 8287800 -x264opts:0 subme=0:me_range=4:rc_lookahead=10:me=dia:no_chroma_me:8x8dct=0:partitions=none -force_key_frames:0 \"expr:gte(t,0+n_forced*3)\" -sc_threshold:v:0 0 -vf \"setparams=color_primaries=bt709:color_trc=bt709:colorspace=bt709,scale=trunc(min(max(iw\,ih*a)\,min(1920\,1080*a))/2)*2:trunc(min(max(iw/a\,ih)\,min(1920/a\,1080))/2)*2,format=yuv420p\" -codec:a:0 copy -copyts -avoid_negative_ts disabled -max_muxing_queue_size 2048 -f hls -max_delay 5000000 -hls_time 3 -hls_segment_type mpegts -start_number 0 -hls_segment_filename \"/config/data/transcodes/ddf22222a9589a223c23960d8efa536c%d.ts\" -hls_playlist_type vod -hls_list_size 0 -y \"/config/data/transcodes/ddf22222a9589a223c23960d8efa536c.m3u8\""
[2023-04-27 10:12:36.223 +00:00] [WRN] [242] Jellyfin.Server.Middleware.ResponseTimeMiddleware: Slow HTTP Response from "http://stream.localhost/videos/edf0da50-b305-af97-c147-f529b7fe5d60/hls1/main/0.ts?DeviceId=TW96aWxsYS81LjAgKFgxMTsgTGludXggeDg2XzY0KSBBcHBsZVdlYktpdC81MzcuMzYgKEtIVE1MLCBsaWtlIEdlY2tvKSBDaHJvbWUvMTEyLjAuMC4wIFNhZmFyaS81MzcuMzZ8MTY4MjU4NjE1MjY1NA11&MediaSourceId=edf0da50b305af97c147f529b7fe5d60&VideoCodec=h264&AudioCodec=aac&AudioStreamIndex=1&VideoBitrate=139869907&AudioBitrate=130093&AudioSampleRate=44100&MaxFramerate=23.976025&PlaySessionId=0a436c308fb048f780cbd21f3c750666&api_key=b978c92151724c0c9ae46eb719896813&TranscodingMaxAudioChannels=2&RequireAvc=false&Tag=14ddcba85ec47f512b6eada17afbdc88&SegmentContainer=ts&MinSegments=1&BreakOnNonKeyFrames=True&hevc-level=120&hevc-videobitdepth=8&hevc-profile=main&hevc-audiochannels=2&aac-profile=lc&TranscodeReasons=VideoCodecNotSupported,%20AudioCodecNotSupported&runtimeTicks=0&actualSegmentLengthTicks=30000000" to "172.27.0.1" in 0:00:00.8566266 with Status Code 200
[2023-04-27 10:12:36.469 +00:00] [INF] [242] MediaBrowser.MediaEncoding.Subtitles.SubtitleEncoder: "/usr/lib/jellyfin-ffmpeg/ffmpeg" "-i file:\"/downloads/anime/Hell's Paradise/Season 1/[Tora-San] Jigokuraku (Hell's Paradise) - 01 (Dual-Audio 1080p) [Multi-Subs].mkv\" -copyts -map 0:4 -an -vn -c:s copy \"/config/data/data/subtitles/8/8a798b4b-7750-ba3a-febb-4a43c1a063ac.ass\""
[2023-04-27 10:12:36.554 +00:00] [INF] [257] MediaBrowser.MediaEncoding.Subtitles.SubtitleEncoder: ffmpeg subtitle extraction completed for "file:\"/downloads/anime/Hell's Paradise/Season 1/[Tora-San] Jigokuraku (Hell's Paradise) - 01 (Dual-Audio 1080p) [Multi-Subs].mkv\"" to "/config/data/data/subtitles/8/8a798b4b-7750-ba3a-febb-4a43c1a063ac.ass"
[2023-04-27 10:12:37.589 +00:00] [INF] [247] Jellyfin.Api.Helpers.TranscodingJobHelper: Stopping ffmpeg process with q command for "/config/data/transcodes/ddf22222a9589a223c23960d8efa536c.m3u8"
[2023-04-27 10:12:37.737 +00:00] [INF] [247] Jellyfin.Api.Helpers.TranscodingJobHelper: FFmpeg exited with code 0
[2023-04-27 10:12:37.738 +00:00] [INF] [247] Jellyfin.Api.Controllers.DynamicHlsController: Current HLS implementation doesn't support non-keyframe breaks but one is requested, ignoring that request
[2023-04-27 10:12:37.739 +00:00] [INF] [247] Jellyfin.Api.Helpers.TranscodingJobHelper: "/usr/lib/jellyfin-ffmpeg/ffmpeg" "-analyzeduration 200M -ss 00:06:21.000 -f matroska,webm -autorotate 0 -i file:\"/downloads/anime/Hell's Paradise/Season 1/[Tora-San] Jigokuraku (Hell's Paradise) - 01 (Dual-Audio 1080p) [Multi-Subs].mkv\" -map_metadata -1 -map_chapters -1 -threads 0 -map 0:0 -map 0:1 -map -0:s -codec:v:0 libx264 -preset veryfast -crf 23 -maxrate 4143900 -bufsize 8287800 -x264opts:0 subme=0:me_range=4:rc_lookahead=10:me=dia:no_chroma_me:8x8dct=0:partitions=none -force_key_frames:0 \"expr:gte(t,381+n_forced*3)\" -sc_threshold:v:0 0 -vf \"setparams=color_primaries=bt709:color_trc=bt709:colorspace=bt709,scale=trunc(min(max(iw\,ih*a)\,min(1920\,1080*a))/2)*2:trunc(min(max(iw/a\,ih)\,min(1920/a\,1080))/2)*2,format=yuv420p\" -codec:a:0 copy -copyts -avoid_negative_ts disabled -max_muxing_queue_size 2048 -f hls -max_delay 5000000 -hls_time 3 -hls_segment_type mpegts -start_number 127 -hls_segment_filename \"/config/data/transcodes/ddf22222a9589a223c23960d8efa536c%d.ts\" -hls_playlist_type vod -hls_list_size 0 -y \"/config/data/transcodes/ddf22222a9589a223c23960d8efa536c.m3u8\""
[2023-04-27 10:12:39.750 +00:00] [WRN] [241] Jellyfin.Server.Middleware.ResponseTimeMiddleware: Slow HTTP Response from "http://stream.localhost/videos/edf0da50-b305-af97-c147-f529b7fe5d60/hls1/main/127.ts?DeviceId=TW96aWxsYS81LjAgKFgxMTsgTGludXggeDg2XzY0KSBBcHBsZVdlYktpdC81MzcuMzYgKEtIVE1MLCBsaWtlIEdlY2tvKSBDaHJvbWUvMTEyLjAuMC4wIFNhZmFyaS81MzcuMzZ8MTY4MjU4NjE1MjY1NA11&MediaSourceId=edf0da50b305af97c147f529b7fe5d60&VideoCodec=h264&AudioCodec=aac&AudioStreamIndex=1&VideoBitrate=139869907&AudioBitrate=130093&AudioSampleRate=44100&MaxFramerate=23.976025&PlaySessionId=0a436c308fb048f780cbd21f3c750666&api_key=b978c92151724c0c9ae46eb719896813&TranscodingMaxAudioChannels=2&RequireAvc=false&Tag=14ddcba85ec47f512b6eada17afbdc88&SegmentContainer=ts&MinSegments=1&BreakOnNonKeyFrames=True&hevc-level=120&hevc-videobitdepth=8&hevc-profile=main&hevc-audiochannels=2&aac-profile=lc&TranscodeReasons=VideoCodecNotSupported,%20AudioCodecNotSupported&runtimeTicks=3810000000&actualSegmentLengthTicks=30000000" to "172.27.0.1" in 0:00:02.1685127 with Status Code 200
[2023-04-27 10:12:40.401 +00:00] [WRN] [237] Jellyfin.Server.Middleware.ResponseTimeMiddleware: Slow HTTP Response from "http://stream.localhost/videos/edf0da50-b305-af97-c147-f529b7fe5d60/hls1/main/128.ts?DeviceId=TW96aWxsYS81LjAgKFgxMTsgTGludXggeDg2XzY0KSBBcHBsZVdlYktpdC81MzcuMzYgKEtIVE1MLCBsaWtlIEdlY2tvKSBDaHJvbWUvMTEyLjAuMC4wIFNhZmFyaS81MzcuMzZ8MTY4MjU4NjE1MjY1NA11&MediaSourceId=edf0da50b305af97c147f529b7fe5d60&VideoCodec=h264&AudioCodec=aac&AudioStreamIndex=1&VideoBitrate=139869907&AudioBitrate=130093&AudioSampleRate=44100&MaxFramerate=23.976025&PlaySessionId=0a436c308fb048f780cbd21f3c750666&api_key=b978c92151724c0c9ae46eb719896813&TranscodingMaxAudioChannels=2&RequireAvc=false&Tag=14ddcba85ec47f512b6eada17afbdc88&SegmentContainer=ts&MinSegments=1&BreakOnNonKeyFrames=True&hevc-level=120&hevc-videobitdepth=8&hevc-profile=main&hevc-audiochannels=2&aac-profile=lc&TranscodeReasons=VideoCodecNotSupported,%20AudioCodecNotSupported&runtimeTicks=3840000000&actualSegmentLengthTicks=30000000" to "172.27.0.1" in 0:00:00.6056892 with Status Code 200
[2023-04-27 10:12:41.042 +00:00] [WRN] [241] Jellyfin.Server.Middleware.ResponseTimeMiddleware: Slow HTTP Response from "http://stream.localhost/videos/edf0da50-b305-af97-c147-f529b7fe5d60/hls1/main/129.ts?DeviceId=TW96aWxsYS81LjAgKFgxMTsgTGludXggeDg2XzY0KSBBcHBsZVdlYktpdC81MzcuMzYgKEtIVE1MLCBsaWtlIEdlY2tvKSBDaHJvbWUvMTEyLjAuMC4wIFNhZmFyaS81MzcuMzZ8MTY4MjU4NjE1MjY1NA11&MediaSourceId=edf0da50b305af97c147f529b7fe5d60&VideoCodec=h264&AudioCodec=aac&AudioStreamIndex=1&VideoBitrate=139869907&AudioBitrate=130093&AudioSampleRate=44100&MaxFramerate=23.976025&PlaySessionId=0a436c308fb048f780cbd21f3c750666&api_key=b978c92151724c0c9ae46eb719896813&TranscodingMaxAudioChannels=2&RequireAvc=false&Tag=14ddcba85ec47f512b6eada17afbdc88&SegmentContainer=ts&MinSegments=1&BreakOnNonKeyFrames=True&hevc-level=120&hevc-videobitdepth=8&hevc-profile=main&hevc-audiochannels=2&aac-profile=lc&TranscodeReasons=VideoCodecNotSupported,%20AudioCodecNotSupported&runtimeTicks=3870000000&actualSegmentLengthTicks=30000000" to "172.27.0.1" in 0:00:00.6048882 with Status Code 200
[2023-04-27 10:12:41.574 +00:00] [WRN] [260] Jellyfin.Server.Middleware.ResponseTimeMiddleware: Slow HTTP Response from "http://stream.localhost/videos/edf0da50-b305-af97-c147-f529b7fe5d60/hls1/main/130.ts?DeviceId=TW96aWxsYS81LjAgKFgxMTsgTGludXggeDg2XzY0KSBBcHBsZVdlYktpdC81MzcuMzYgKEtIVE1MLCBsaWtlIEdlY2tvKSBDaHJvbWUvMTEyLjAuMC4wIFNhZmFyaS81MzcuMzZ8MTY4MjU4NjE1MjY1NA11&MediaSourceId=edf0da50b305af97c147f529b7fe5d60&VideoCodec=h264&AudioCodec=aac&AudioStreamIndex=1&VideoBitrate=139869907&AudioBitrate=130093&AudioSampleRate=44100&MaxFramerate=23.976025&PlaySessionId=0a436c308fb048f780cbd21f3c750666&api_key=b978c92151724c0c9ae46eb719896813&TranscodingMaxAudioChannels=2&RequireAvc=false&Tag=14ddcba85ec47f512b6eada17afbdc88&SegmentContainer=ts&MinSegments=1&BreakOnNonKeyFrames=True&hevc-level=120&hevc-videobitdepth=8&hevc-profile=main&hevc-audiochannels=2&aac-profile=lc&TranscodeReasons=VideoCodecNotSupported,%20AudioCodecNotSupported&runtimeTicks=3900000000&actualSegmentLengthTicks=30000000" to "172.27.0.1" in 0:00:00.5042477 with Status Code 200
[2023-04-27 10:12:42.198 +00:00] [WRN] [237] Jellyfin.Server.Middleware.ResponseTimeMiddleware: Slow HTTP Response from "http://stream.localhost/videos/edf0da50-b305-af97-c147-f529b7fe5d60/hls1/main/131.ts?DeviceId=TW96aWxsYS81LjAgKFgxMTsgTGludXggeDg2XzY0KSBBcHBsZVdlYktpdC81MzcuMzYgKEtIVE1MLCBsaWtlIEdlY2tvKSBDaHJvbWUvMTEyLjAuMC4wIFNhZmFyaS81MzcuMzZ8MTY4MjU4NjE1MjY1NA11&MediaSourceId=edf0da50b305af97c147f529b7fe5d60&VideoCodec=h264&AudioCodec=aac&AudioStreamIndex=1&VideoBitrate=139869907&AudioBitrate=130093&AudioSampleRate=44100&MaxFramerate=23.976025&PlaySessionId=0a436c308fb048f780cbd21f3c750666&api_key=b978c92151724c0c9ae46eb719896813&TranscodingMaxAudioChannels=2&RequireAvc=false&Tag=14ddcba85ec47f512b6eada17afbdc88&SegmentContainer=ts&MinSegments=1&BreakOnNonKeyFrames=True&hevc-level=120&hevc-videobitdepth=8&hevc-profile=main&hevc-audiochannels=2&aac-profile=lc&TranscodeReasons=VideoCodecNotSupported,%20AudioCodecNotSupported&runtimeTicks=3930000000&actualSegmentLengthTicks=30000000" to "172.27.0.1" in 0:00:00.6054189 with Status Code 200
[2023-04-27 10:12:42.819 +00:00] [WRN] [243] Jellyfin.Server.Middleware.ResponseTimeMiddleware: Slow HTTP Response from "http://stream.localhost/videos/edf0da50-b305-af97-c147-f529b7fe5d60/hls1/main/132.ts?DeviceId=TW96aWxsYS81LjAgKFgxMTsgTGludXggeDg2XzY0KSBBcHBsZVdlYktpdC81MzcuMzYgKEtIVE1MLCBsaWtlIEdlY2tvKSBDaHJvbWUvMTEyLjAuMC4wIFNhZmFyaS81MzcuMzZ8MTY4MjU4NjE1MjY1NA11&MediaSourceId=edf0da50b305af97c147f529b7fe5d60&VideoCodec=h264&AudioCodec=aac&AudioStreamIndex=1&VideoBitrate=139869907&AudioBitrate=130093&AudioSampleRate=44100&MaxFramerate=23.976025&PlaySessionId=0a436c308fb048f780cbd21f3c750666&api_key=b978c92151724c0c9ae46eb719896813&TranscodingMaxAudioChannels=2&RequireAvc=false&Tag=14ddcba85ec47f512b6eada17afbdc88&SegmentContainer=ts&MinSegments=1&BreakOnNonKeyFrames=True&hevc-level=120&hevc-videobitdepth=8&hevc-profile=main&hevc-audiochannels=2&aac-profile=lc&TranscodeReasons=VideoCodecNotSupported,%20AudioCodecNotSupported&runtimeTicks=3960000000&actualSegmentLengthTicks=30000000" to "172.27.0.1" in 0:00:00.6052764 with Status Code 200
[2023-04-27 10:12:43.446 +00:00] [WRN] [247] Jellyfin.Server.Middleware.ResponseTimeMiddleware: Slow HTTP Response from "http://stream.localhost/videos/edf0da50-b305-af97-c147-f529b7fe5d60/hls1/main/133.ts?DeviceId=TW96aWxsYS81LjAgKFgxMTsgTGludXggeDg2XzY0KSBBcHBsZVdlYktpdC81MzcuMzYgKEtIVE1MLCBsaWtlIEdlY2tvKSBDaHJvbWUvMTEyLjAuMC4wIFNhZmFyaS81MzcuMzZ8MTY4MjU4NjE1MjY1NA11&MediaSourceId=edf0da50b305af97c147f529b7fe5d60&VideoCodec=h264&AudioCodec=aac&AudioStreamIndex=1&VideoBitrate=139869907&AudioBitrate=130093&AudioSampleRate=44100&MaxFramerate=23.976025&PlaySessionId=0a436c308fb048f780cbd21f3c750666&api_key=b978c92151724c0c9ae46eb719896813&TranscodingMaxAudioChannels=2&RequireAvc=false&Tag=14ddcba85ec47f512b6eada17afbdc88&SegmentContainer=ts&MinSegments=1&BreakOnNonKeyFrames=True&hevc-level=120&hevc-videobitdepth=8&hevc-profile=main&hevc-audiochannels=2&aac-profile=lc&TranscodeReasons=VideoCodecNotSupported,%20AudioCodecNotSupported&runtimeTicks=3990000000&actualSegmentLengthTicks=30000000" to "172.27.0.1" in 0:00:00.6047834 with Status Code 200
[2023-04-27 10:12:44.073 +00:00] [WRN] [247] Jellyfin.Server.Middleware.ResponseTimeMiddleware: Slow HTTP Response from "http://stream.localhost/videos/edf0da50-b305-af97-c147-f529b7fe5d60/hls1/main/134.ts?DeviceId=TW96aWxsYS81LjAgKFgxMTsgTGludXggeDg2XzY0KSBBcHBsZVdlYktpdC81MzcuMzYgKEtIVE1MLCBsaWtlIEdlY2tvKSBDaHJvbWUvMTEyLjAuMC4wIFNhZmFyaS81MzcuMzZ8MTY4MjU4NjE1MjY1NA11&MediaSourceId=edf0da50b305af97c147f529b7fe5d60&VideoCodec=h264&AudioCodec=aac&AudioStreamIndex=1&VideoBitrate=139869907&AudioBitrate=130093&AudioSampleRate=44100&MaxFramerate=23.976025&PlaySessionId=0a436c308fb048f780cbd21f3c750666&api_key=b978c92151724c0c9ae46eb719896813&TranscodingMaxAudioChannels=2&RequireAvc=false&Tag=14ddcba85ec47f512b6eada17afbdc88&SegmentContainer=ts&MinSegments=1&BreakOnNonKeyFrames=True&hevc-level=120&hevc-videobitdepth=8&hevc-profile=main&hevc-audiochannels=2&aac-profile=lc&TranscodeReasons=VideoCodecNotSupported,%20AudioCodecNotSupported&runtimeTicks=4020000000&actualSegmentLengthTicks=30000000" to "172.27.0.1" in 0:00:00.6054963 with Status Code 200
[2023-04-27 10:12:44.594 +00:00] [WRN] [257] Jellyfin.Server.Middleware.ResponseTimeMiddleware: Slow HTTP Response from "http://stream.localhost/videos/edf0da50-b305-af97-c147-f529b7fe5d60/hls1/main/135.ts?DeviceId=TW96aWxsYS81LjAgKFgxMTsgTGludXggeDg2XzY0KSBBcHBsZVdlYktpdC81MzcuMzYgKEtIVE1MLCBsaWtlIEdlY2tvKSBDaHJvbWUvMTEyLjAuMC4wIFNhZmFyaS81MzcuMzZ8MTY4MjU4NjE1MjY1NA11&MediaSourceId=edf0da50b305af97c147f529b7fe5d60&VideoCodec=h264&AudioCodec=aac&AudioStreamIndex=1&VideoBitrate=139869907&AudioBitrate=130093&AudioSampleRate=44100&MaxFramerate=23.976025&PlaySessionId=0a436c308fb048f780cbd21f3c750666&api_key=b978c92151724c0c9ae46eb719896813&TranscodingMaxAudioChannels=2&RequireAvc=false&Tag=14ddcba85ec47f512b6eada17afbdc88&SegmentContainer=ts&MinSegments=1&BreakOnNonKeyFrames=True&hevc-level=120&hevc-videobitdepth=8&hevc-profile=main&hevc-audiochannels=2&aac-profile=lc&TranscodeReasons=VideoCodecNotSupported,%20AudioCodecNotSupported&runtimeTicks=4050000000&actualSegmentLengthTicks=30000000" to "172.27.0.1" in 0:00:00.5035851 with Status Code 200
[2023-04-27 10:12:45.219 +00:00] [WRN] [254] Jellyfin.Server.Middleware.ResponseTimeMiddleware: Slow HTTP Response from "http://stream.localhost/videos/edf0da50-b305-af97-c147-f529b7fe5d60/hls1/main/136.ts?DeviceId=TW96aWxsYS81LjAgKFgxMTsgTGludXggeDg2XzY0KSBBcHBsZVdlYktpdC81MzcuMzYgKEtIVE1MLCBsaWtlIEdlY2tvKSBDaHJvbWUvMTEyLjAuMC4wIFNhZmFyaS81MzcuMzZ8MTY4MjU4NjE1MjY1NA11&MediaSourceId=edf0da50b305af97c147f529b7fe5d60&VideoCodec=h264&AudioCodec=aac&AudioStreamIndex=1&VideoBitrate=139869907&AudioBitrate=130093&AudioSampleRate=44100&MaxFramerate=23.976025&PlaySessionId=0a436c308fb048f780cbd21f3c750666&api_key=b978c92151724c0c9ae46eb719896813&TranscodingMaxAudioChannels=2&RequireAvc=false&Tag=14ddcba85ec47f512b6eada17afbdc88&SegmentContainer=ts&MinSegments=1&BreakOnNonKeyFrames=True&hevc-level=120&hevc-videobitdepth=8&hevc-profile=main&hevc-audiochannels=2&aac-profile=lc&TranscodeReasons=VideoCodecNotSupported,%20AudioCodecNotSupported&runtimeTicks=4080000000&actualSegmentLengthTicks=30000000" to "172.27.0.1" in 0:00:00.6047523 with Status Code 200
[2023-04-27 10:12:45.839 +00:00] [WRN] [248] Jellyfin.Server.Middleware.ResponseTimeMiddleware: Slow HTTP Response from "http://stream.localhost/videos/edf0da50-b305-af97-c147-f529b7fe5d60/hls1/main/137.ts?DeviceId=TW96aWxsYS81LjAgKFgxMTsgTGludXggeDg2XzY0KSBBcHBsZVdlYktpdC81MzcuMzYgKEtIVE1MLCBsaWtlIEdlY2tvKSBDaHJvbWUvMTEyLjAuMC4wIFNhZmFyaS81MzcuMzZ8MTY4MjU4NjE1MjY1NA11&MediaSourceId=edf0da50b305af97c147f529b7fe5d60&VideoCodec=h264&AudioCodec=aac&AudioStreamIndex=1&VideoBitrate=139869907&AudioBitrate=130093&AudioSampleRate=44100&MaxFramerate=23.976025&PlaySessionId=0a436c308fb048f780cbd21f3c750666&api_key=b978c92151724c0c9ae46eb719896813&TranscodingMaxAudioChannels=2&RequireAvc=false&Tag=14ddcba85ec47f512b6eada17afbdc88&SegmentContainer=ts&MinSegments=1&BreakOnNonKeyFrames=True&hevc-level=120&hevc-videobitdepth=8&hevc-profile=main&hevc-audiochannels=2&aac-profile=lc&TranscodeReasons=VideoCodecNotSupported,%20AudioCodecNotSupported&runtimeTicks=4110000000&actualSegmentLengthTicks=30000000" to "172.27.0.1" in 0:00:00.6045885 with Status Code 200
[2023-04-27 10:12:46.461 +00:00] [WRN] [246] Jellyfin.Server.Middleware.ResponseTimeMiddleware: Slow HTTP Response from "http://stream.localhost/videos/edf0da50-b305-af97-c147-f529b7fe5d60/hls1/main/138.ts?DeviceId=TW96aWxsYS81LjAgKFgxMTsgTGludXggeDg2XzY0KSBBcHBsZVdlYktpdC81MzcuMzYgKEtIVE1MLCBsaWtlIEdlY2tvKSBDaHJvbWUvMTEyLjAuMC4wIFNhZmFyaS81MzcuMzZ8MTY4MjU4NjE1MjY1NA11&MediaSourceId=edf0da50b305af97c147f529b7fe5d60&VideoCodec=h264&AudioCodec=aac&AudioStreamIndex=1&VideoBitrate=139869907&AudioBitrate=130093&AudioSampleRate=44100&MaxFramerate=23.976025&PlaySessionId=0a436c308fb048f780cbd21f3c750666&api_key=b978c92151724c0c9ae46eb719896813&TranscodingMaxAudioChannels=2&RequireAvc=false&Tag=14ddcba85ec47f512b6eada17afbdc88&SegmentContainer=ts&MinSegments=1&BreakOnNonKeyFrames=True&hevc-level=120&hevc-videobitdepth=8&hevc-profile=main&hevc-audiochannels=2&aac-profile=lc&TranscodeReasons=VideoCodecNotSupported,%20AudioCodecNotSupported&runtimeTicks=4140000000&actualSegmentLengthTicks=30000000" to "172.27.0.1" in 0:00:00.604069 with Status Code 200
[2023-04-27 10:12:51.943 +00:00] [WRN] [237] Jellyfin.Server.Middleware.ResponseTimeMiddleware: Slow HTTP Response from "http://stream.localhost/videos/edf0da50-b305-af97-c147-f529b7fe5d60/hls1/main/146.ts?DeviceId=TW96aWxsYS81LjAgKFgxMTsgTGludXggeDg2XzY0KSBBcHBsZVdlYktpdC81MzcuMzYgKEtIVE1MLCBsaWtlIEdlY2tvKSBDaHJvbWUvMTEyLjAuMC4wIFNhZmFyaS81MzcuMzZ8MTY4MjU4NjE1MjY1NA11&MediaSourceId=edf0da50b305af97c147f529b7fe5d60&VideoCodec=h264&AudioCodec=aac&AudioStreamIndex=1&VideoBitrate=139869907&AudioBitrate=130093&AudioSampleRate=44100&MaxFramerate=23.976025&PlaySessionId=0a436c308fb048f780cbd21f3c750666&api_key=b978c92151724c0c9ae46eb719896813&TranscodingMaxAudioChannels=2&RequireAvc=false&Tag=14ddcba85ec47f512b6eada17afbdc88&SegmentContainer=ts&MinSegments=1&BreakOnNonKeyFrames=True&hevc-level=120&hevc-videobitdepth=8&hevc-profile=main&hevc-audiochannels=2&aac-profile=lc&TranscodeReasons=VideoCodecNotSupported,%20AudioCodecNotSupported&runtimeTicks=4380000000&actualSegmentLengthTicks=30000000" to "172.27.0.1" in 0:00:00.7033021 with Status Code 200
[2023-04-27 10:12:52.661 +00:00] [WRN] [245] Jellyfin.Server.Middleware.ResponseTimeMiddleware: Slow HTTP Response from "http://stream.localhost/videos/edf0da50-b305-af97-c147-f529b7fe5d60/hls1/main/147.ts?DeviceId=TW96aWxsYS81LjAgKFgxMTsgTGludXggeDg2XzY0KSBBcHBsZVdlYktpdC81MzcuMzYgKEtIVE1MLCBsaWtlIEdlY2tvKSBDaHJvbWUvMTEyLjAuMC4wIFNhZmFyaS81MzcuMzZ8MTY4MjU4NjE1MjY1NA11&MediaSourceId=edf0da50b305af97c147f529b7fe5d60&VideoCodec=h264&AudioCodec=aac&AudioStreamIndex=1&VideoBitrate=139869907&AudioBitrate=130093&AudioSampleRate=44100&MaxFramerate=23.976025&PlaySessionId=0a436c308fb048f780cbd21f3c750666&api_key=b978c92151724c0c9ae46eb719896813&TranscodingMaxAudioChannels=2&RequireAvc=false&Tag=14ddcba85ec47f512b6eada17afbdc88&SegmentContainer=ts&MinSegments=1&BreakOnNonKeyFrames=True&hevc-level=120&hevc-videobitdepth=8&hevc-profile=main&hevc-audiochannels=2&aac-profile=lc&TranscodeReasons=VideoCodecNotSupported,%20AudioCodecNotSupported&runtimeTicks=4410000000&actualSegmentLengthTicks=30000000" to "172.27.0.1" in 0:00:00.7026638 with Status Code 200
[2023-04-27 10:12:53.477 +00:00] [WRN] [261] Jellyfin.Server.Middleware.ResponseTimeMiddleware: Slow HTTP Response from "http://stream.localhost/videos/edf0da50-b305-af97-c147-f529b7fe5d60/hls1/main/148.ts?DeviceId=TW96aWxsYS81LjAgKFgxMTsgTGludXggeDg2XzY0KSBBcHBsZVdlYktpdC81MzcuMzYgKEtIVE1MLCBsaWtlIEdlY2tvKSBDaHJvbWUvMTEyLjAuMC4wIFNhZmFyaS81MzcuMzZ8MTY4MjU4NjE1MjY1NA11&MediaSourceId=edf0da50b305af97c147f529b7fe5d60&VideoCodec=h264&AudioCodec=aac&AudioStreamIndex=1&VideoBitrate=139869907&AudioBitrate=130093&AudioSampleRate=44100&MaxFramerate=23.976025&PlaySessionId=0a436c308fb048f780cbd21f3c750666&api_key=b978c92151724c0c9ae46eb719896813&TranscodingMaxAudioChannels=2&RequireAvc=false&Tag=14ddcba85ec47f512b6eada17afbdc88&SegmentContainer=ts&MinSegments=1&BreakOnNonKeyFrames=True&hevc-level=120&hevc-videobitdepth=8&hevc-profile=main&hevc-audiochannels=2&aac-profile=lc&TranscodeReasons=VideoCodecNotSupported,%20AudioCodecNotSupported&runtimeTicks=4440000000&actualSegmentLengthTicks=30000000" to "172.27.0.1" in 0:00:00.802106 with Status Code 200
[2023-04-27 10:12:54.709 +00:00] [WRN] [241] Jellyfin.Server.Middleware.ResponseTimeMiddleware: Slow HTTP Response from "http://stream.localhost/videos/edf0da50-b305-af97-c147-f529b7fe5d60/hls1/main/149.ts?DeviceId=TW96aWxsYS81LjAgKFgxMTsgTGludXggeDg2XzY0KSBBcHBsZVdlYktpdC81MzcuMzYgKEtIVE1MLCBsaWtlIEdlY2tvKSBDaHJvbWUvMTEyLjAuMC4wIFNhZmFyaS81MzcuMzZ8MTY4MjU4NjE1MjY1NA11&MediaSourceId=edf0da50b305af97c147f529b7fe5d60&VideoCodec=h264&AudioCodec=aac&AudioStreamIndex=1&VideoBitrate=139869907&AudioBitrate=130093&AudioSampleRate=44100&MaxFramerate=23.976025&PlaySessionId=0a436c308fb048f780cbd21f3c750666&api_key=b978c92151724c0c9ae46eb719896813&TranscodingMaxAudioChannels=2&RequireAvc=false&Tag=14ddcba85ec47f512b6eada17afbdc88&SegmentContainer=ts&MinSegments=1&BreakOnNonKeyFrames=True&hevc-level=120&hevc-videobitdepth=8&hevc-profile=main&hevc-audiochannels=2&aac-profile=lc&TranscodeReasons=VideoCodecNotSupported,%20AudioCodecNotSupported&runtimeTicks=4470000000&actualSegmentLengthTicks=30000000" to "172.27.0.1" in 0:00:01.2055119 with Status Code 200
[2023-04-27 10:12:55.674 +00:00] [WRN] [241] Jellyfin.Server.Middleware.ResponseTimeMiddleware: Slow HTTP Response from "http://stream.localhost/videos/edf0da50-b305-af97-c147-f529b7fe5d60/hls1/main/150.ts?DeviceId=TW96aWxsYS81LjAgKFgxMTsgTGludXggeDg2XzY0KSBBcHBsZVdlYktpdC81MzcuMzYgKEtIVE1MLCBsaWtlIEdlY2tvKSBDaHJvbWUvMTEyLjAuMC4wIFNhZmFyaS81MzcuMzZ8MTY4MjU4NjE1MjY1NA11&MediaSourceId=edf0da50b305af97c147f529b7fe5d60&VideoCodec=h264&AudioCodec=aac&AudioStreamIndex=1&VideoBitrate=139869907&AudioBitrate=130093&AudioSampleRate=44100&MaxFramerate=23.976025&PlaySessionId=0a436c308fb048f780cbd21f3c750666&api_key=b978c92151724c0c9ae46eb719896813&TranscodingMaxAudioChannels=2&RequireAvc=false&Tag=14ddcba85ec47f512b6eada17afbdc88&SegmentContainer=ts&MinSegments=1&BreakOnNonKeyFrames=True&hevc-level=120&hevc-videobitdepth=8&hevc-profile=main&hevc-audiochannels=2&aac-profile=lc&TranscodeReasons=VideoCodecNotSupported,%20AudioCodecNotSupported&runtimeTicks=4500000000&actualSegmentLengthTicks=30000000" to "172.27.0.1" in 0:00:00.9024336 with Status Code 200
[2023-04-27 10:12:56.451 +00:00] [WRN] [243] Jellyfin.Server.Middleware.ResponseTimeMiddleware: Slow HTTP Response from "http://stream.localhost/videos/edf0da50-b305-af97-c147-f529b7fe5d60/hls1/main/151.ts?DeviceId=TW96aWxsYS81LjAgKFgxMTsgTGludXggeDg2XzY0KSBBcHBsZVdlYktpdC81MzcuMzYgKEtIVE1MLCBsaWtlIEdlY2tvKSBDaHJvbWUvMTEyLjAuMC4wIFNhZmFyaS81MzcuMzZ8MTY4MjU4NjE1MjY1NA11&MediaSourceId=edf0da50b305af97c147f529b7fe5d60&VideoCodec=h264&AudioCodec=aac&AudioStreamIndex=1&VideoBitrate=139869907&AudioBitrate=130093&AudioSampleRate=44100&MaxFramerate=23.976025&PlaySessionId=0a436c308fb048f780cbd21f3c750666&api_key=b978c92151724c0c9ae46eb719896813&TranscodingMaxAudioChannels=2&RequireAvc=false&Tag=14ddcba85ec47f512b6eada17afbdc88&SegmentContainer=ts&MinSegments=1&BreakOnNonKeyFrames=True&hevc-level=120&hevc-videobitdepth=8&hevc-profile=main&hevc-audiochannels=2&aac-profile=lc&TranscodeReasons=VideoCodecNotSupported,%20AudioCodecNotSupported&runtimeTicks=4530000000&actualSegmentLengthTicks=30000000" to "172.27.0.1" in 0:00:00.7050214 with Status Code 200
[2023-04-27 10:12:57.121 +00:00] [WRN] [243] Jellyfin.Server.Middleware.ResponseTimeMiddleware: Slow HTTP Response from "http://stream.localhost/videos/edf0da50-b305-af97-c147-f529b7fe5d60/hls1/main/152.ts?DeviceId=TW96aWxsYS81LjAgKFgxMTsgTGludXggeDg2XzY0KSBBcHBsZVdlYktpdC81MzcuMzYgKEtIVE1MLCBsaWtlIEdlY2tvKSBDaHJvbWUvMTEyLjAuMC4wIFNhZmFyaS81MzcuMzZ8MTY4MjU4NjE1MjY1NA11&MediaSourceId=edf0da50b305af97c147f529b7fe5d60&VideoCodec=h264&AudioCodec=aac&AudioStreamIndex=1&VideoBitrate=139869907&AudioBitrate=130093&AudioSampleRate=44100&MaxFramerate=23.976025&PlaySessionId=0a436c308fb048f780cbd21f3c750666&api_key=b978c92151724c0c9ae46eb719896813&TranscodingMaxAudioChannels=2&RequireAvc=false&Tag=14ddcba85ec47f512b6eada17afbdc88&SegmentContainer=ts&MinSegments=1&BreakOnNonKeyFrames=True&hevc-level=120&hevc-videobitdepth=8&hevc-profile=main&hevc-audiochannels=2&aac-profile=lc&TranscodeReasons=VideoCodecNotSupported,%20AudioCodecNotSupported&runtimeTicks=4560000000&actualSegmentLengthTicks=30000000" to "172.27.0.1" in 0:00:00.6038472 with Status Code 200
[2023-04-27 10:12:57.865 +00:00] [WRN] [243] Jellyfin.Server.Middleware.ResponseTimeMiddleware: Slow HTTP Response from "http://stream.localhost/videos/edf0da50-b305-af97-c147-f529b7fe5d60/hls1/main/153.ts?DeviceId=TW96aWxsYS81LjAgKFgxMTsgTGludXggeDg2XzY0KSBBcHBsZVdlYktpdC81MzcuMzYgKEtIVE1MLCBsaWtlIEdlY2tvKSBDaHJvbWUvMTEyLjAuMC4wIFNhZmFyaS81MzcuMzZ8MTY4MjU4NjE1MjY1NA11&MediaSourceId=edf0da50b305af97c147f529b7fe5d60&VideoCodec=h264&AudioCodec=aac&AudioStreamIndex=1&VideoBitrate=139869907&AudioBitrate=130093&AudioSampleRate=44100&MaxFramerate=23.976025&PlaySessionId=0a436c308fb048f780cbd21f3c750666&api_key=b978c92151724c0c9ae46eb719896813&TranscodingMaxAudioChannels=2&RequireAvc=false&Tag=14ddcba85ec47f512b6eada17afbdc88&SegmentContainer=ts&MinSegments=1&BreakOnNonKeyFrames=True&hevc-level=120&hevc-videobitdepth=8&hevc-profile=main&hevc-audiochannels=2&aac-profile=lc&TranscodeReasons=VideoCodecNotSupported,%20AudioCodecNotSupported&runtimeTicks=4590000000&actualSegmentLengthTicks=30000000" to "172.27.0.1" in 0:00:00.7055602 with Status Code 200
[2023-04-27 10:12:58.442 +00:00] [INF] [243] MediaBrowser.MediaEncoding.Subtitles.SubtitleEncoder: "/usr/lib/jellyfin-ffmpeg/ffmpeg" "-i file:\"/downloads/anime/Hell's Paradise/Season 1/[Tora-San] Jigokuraku (Hell's Paradise) - 01 (Dual-Audio 1080p) [Multi-Subs].mkv\" -copyts -map 0:5 -an -vn -c:s copy \"/config/data/data/subtitles/d/d0a10798-c5af-d9e9-9350-494b2c8ea269.ass\""
[2023-04-27 10:12:58.539 +00:00] [INF] [258] MediaBrowser.MediaEncoding.Subtitles.SubtitleEncoder: ffmpeg subtitle extraction completed for "file:\"/downloads/anime/Hell's Paradise/Season 1/[Tora-San] Jigokuraku (Hell's Paradise) - 01 (Dual-Audio 1080p) [Multi-Subs].mkv\"" to "/config/data/data/subtitles/d/d0a10798-c5af-d9e9-9350-494b2c8ea269.ass"
[2023-04-27 10:12:58.793 +00:00] [WRN] [242] Jellyfin.Server.Middleware.ResponseTimeMiddleware: Slow HTTP Response from "http://stream.localhost/videos/edf0da50-b305-af97-c147-f529b7fe5d60/hls1/main/154.ts?DeviceId=TW96aWxsYS81LjAgKFgxMTsgTGludXggeDg2XzY0KSBBcHBsZVdlYktpdC81MzcuMzYgKEtIVE1MLCBsaWtlIEdlY2tvKSBDaHJvbWUvMTEyLjAuMC4wIFNhZmFyaS81MzcuMzZ8MTY4MjU4NjE1MjY1NA11&MediaSourceId=edf0da50b305af97c147f529b7fe5d60&VideoCodec=h264&AudioCodec=aac&AudioStreamIndex=1&VideoBitrate=139869907&AudioBitrate=130093&AudioSampleRate=44100&MaxFramerate=23.976025&PlaySessionId=0a436c308fb048f780cbd21f3c750666&api_key=b978c92151724c0c9ae46eb719896813&TranscodingMaxAudioChannels=2&RequireAvc=false&Tag=14ddcba85ec47f512b6eada17afbdc88&SegmentContainer=ts&MinSegments=1&BreakOnNonKeyFrames=True&hevc-level=120&hevc-videobitdepth=8&hevc-profile=main&hevc-audiochannels=2&aac-profile=lc&TranscodeReasons=VideoCodecNotSupported,%20AudioCodecNotSupported&runtimeTicks=4620000000&actualSegmentLengthTicks=30000000" to "172.27.0.1" in 0:00:00.9004367 with Status Code 200
[2023-04-27 10:12:59.637 +00:00] [WRN] [258] Jellyfin.Server.Middleware.ResponseTimeMiddleware: Slow HTTP Response from "http://stream.localhost/videos/edf0da50-b305-af97-c147-f529b7fe5d60/hls1/main/155.ts?DeviceId=TW96aWxsYS81LjAgKFgxMTsgTGludXggeDg2XzY0KSBBcHBsZVdlYktpdC81MzcuMzYgKEtIVE1MLCBsaWtlIEdlY2tvKSBDaHJvbWUvMTEyLjAuMC4wIFNhZmFyaS81MzcuMzZ8MTY4MjU4NjE1MjY1NA11&MediaSourceId=edf0da50b305af97c147f529b7fe5d60&VideoCodec=h264&AudioCodec=aac&AudioStreamIndex=1&VideoBitrate=139869907&AudioBitrate=130093&AudioSampleRate=44100&MaxFramerate=23.976025&PlaySessionId=0a436c308fb048f780cbd21f3c750666&api_key=b978c92151724c0c9ae46eb719896813&TranscodingMaxAudioChannels=2&RequireAvc=false&Tag=14ddcba85ec47f512b6eada17afbdc88&SegmentContainer=ts&MinSegments=1&BreakOnNonKeyFrames=True&hevc-level=120&hevc-videobitdepth=8&hevc-profile=main&hevc-audiochannels=2&aac-profile=lc&TranscodeReasons=VideoCodecNotSupported,%20AudioCodecNotSupported&runtimeTicks=4650000000&actualSegmentLengthTicks=30000000" to "172.27.0.1" in 0:00:00.8063145 with Status Code 200
[2023-04-27 10:13:00.398 +00:00] [WRN] [250] Jellyfin.Server.Middleware.ResponseTimeMiddleware: Slow HTTP Response from "http://stream.localhost/videos/edf0da50-b305-af97-c147-f529b7fe5d60/hls1/main/156.ts?DeviceId=TW96aWxsYS81LjAgKFgxMTsgTGludXggeDg2XzY0KSBBcHBsZVdlYktpdC81MzcuMzYgKEtIVE1MLCBsaWtlIEdlY2tvKSBDaHJvbWUvMTEyLjAuMC4wIFNhZmFyaS81MzcuMzZ8MTY4MjU4NjE1MjY1NA11&MediaSourceId=edf0da50b305af97c147f529b7fe5d60&VideoCodec=h264&AudioCodec=aac&AudioStreamIndex=1&VideoBitrate=139869907&AudioBitrate=130093&AudioSampleRate=44100&MaxFramerate=23.976025&PlaySessionId=0a436c308fb048f780cbd21f3c750666&api_key=b978c92151724c0c9ae46eb719896813&TranscodingMaxAudioChannels=2&RequireAvc=false&Tag=14ddcba85ec47f512b6eada17afbdc88&SegmentContainer=ts&MinSegments=1&BreakOnNonKeyFrames=True&hevc-level=120&hevc-videobitdepth=8&hevc-profile=main&hevc-audiochannels=2&aac-profile=lc&TranscodeReasons=VideoCodecNotSupported,%20AudioCodecNotSupported&runtimeTicks=4680000000&actualSegmentLengthTicks=30000000" to "172.27.0.1" in 0:00:00.7023356 with Status Code 200
[2023-04-27 10:13:01.332 +00:00] [WRN] [249] Jellyfin.Server.Middleware.ResponseTimeMiddleware: Slow HTTP Response from "http://stream.localhost/videos/edf0da50-b305-af97-c147-f529b7fe5d60/hls1/main/157.ts?DeviceId=TW96aWxsYS81LjAgKFgxMTsgTGludXggeDg2XzY0KSBBcHBsZVdlYktpdC81MzcuMzYgKEtIVE1MLCBsaWtlIEdlY2tvKSBDaHJvbWUvMTEyLjAuMC4wIFNhZmFyaS81MzcuMzZ8MTY4MjU4NjE1MjY1NA11&MediaSourceId=edf0da50b305af97c147f529b7fe5d60&VideoCodec=h264&AudioCodec=aac&AudioStreamIndex=1&VideoBitrate=139869907&AudioBitrate=130093&AudioSampleRate=44100&MaxFramerate=23.976025&PlaySessionId=0a436c308fb048f780cbd21f3c750666&api_key=b978c92151724c0c9ae46eb719896813&TranscodingMaxAudioChannels=2&RequireAvc=false&Tag=14ddcba85ec47f512b6eada17afbdc88&SegmentContainer=ts&MinSegments=1&BreakOnNonKeyFrames=True&hevc-level=120&hevc-videobitdepth=8&hevc-profile=main&hevc-audiochannels=2&aac-profile=lc&TranscodeReasons=VideoCodecNotSupported,%20AudioCodecNotSupported&runtimeTicks=4710000000&actualSegmentLengthTicks=30000000" to "172.27.0.1" in 0:00:00.9065011 with Status Code 200
[2023-04-27 10:13:05.500 +00:00] [INF] [257] Jellyfin.Api.Helpers.TranscodingJobHelper: Stopping ffmpeg process with q command for "/config/data/transcodes/ddf22222a9589a223c23960d8efa536c.m3u8"
[2023-04-27 10:13:05.534 +00:00] [INF] [250] Emby.Server.Implementations.HttpServer.WebSocketManager: WS "172.27.0.1" closed
[2023-04-27 10:13:05.641 +00:00] [INF] [249] Jellyfin.Api.Helpers.TranscodingJobHelper: FFmpeg exited with code 0
[2023-04-27 10:13:05.642 +00:00] [INF] [257] Jellyfin.Api.Helpers.TranscodingJobHelper: Deleting partial stream file(s) "/config/data/transcodes/ddf22222a9589a223c23960d8efa536c.m3u8"
[2023-04-27 10:13:07.170 +00:00] [INF] [257] Emby.Server.Implementations.Session.SessionManager: Playback stopped reported by app "Jellyfin Web" "10.8.10" playing "Le Condamné et le Bourreau". Stopped at "592250" ms
[2023-04-27 10:13:07.206 +00:00] [WRN] [257] Jellyfin.Server.Middleware.ResponseTimeMiddleware: Slow HTTP Response from "http://stream.localhost/Sessions/Playing/Stopped" to "172.27.0.1" in 0:00:01.7154316 with Status Code 204
[2023-04-27 10:14:02.840 +00:00] [INF] [15] Emby.Server.Implementations.HttpServer.WebSocketManager: WS "172.27.0.1" request
[2023-04-27 10:14:09.627 +00:00] [INF] [244] Emby.Server.Implementations.ScheduledTasks.TaskManager: Executing "Scanner la médiathèque"
[2023-04-27 10:14:09.627 +00:00] [INF] [244] Emby.Server.Implementations.IO.LibraryMonitor: Stopping directory watching for path "/downloads/series"
[2023-04-27 10:14:09.627 +00:00] [INF] [244] Emby.Server.Implementations.IO.LibraryMonitor: Stopping directory watching for path "/downloads/movies"
[2023-04-27 10:14:09.627 +00:00] [INF] [244] Emby.Server.Implementations.IO.LibraryMonitor: Stopping directory watching for path "/downloads/anime"
[2023-04-27 10:14:09.627 +00:00] [INF] [244] Emby.Server.Implementations.Library.LibraryManager: Validating media library
[2023-04-27 10:14:09.646 +00:00] [INF] [239] Emby.Drawing.ImageProcessor: Creating image collage and saving to "/config/cache/temp/9968aed3be7d4682abd8d6497d50fa7b.png"
[2023-04-27 10:14:09.790 +00:00] [INF] [239] Emby.Drawing.ImageProcessor: Completed creation of image collage and saved to "/config/cache/temp/9968aed3be7d4682abd8d6497d50fa7b.png"
[2023-04-27 10:14:09.827 +00:00] [INF] [249] Emby.Server.Implementations.Library.LibraryManager: Removing item, Type: "Episode", Name: "Le Condamné et le Bourreau", Path: "/downloads/anime/Hell's Paradise/Season 1/[Tora-San] Jigokuraku (Hell's Paradise) - 01 (Dual-Audio 1080p) [Multi-Subs].mkv", Id: edf0da50-b305-af97-c147-f529b7fe5d60
[2023-04-27 10:14:09.838 +00:00] [INF] [249] Emby.Server.Implementations.Library.LibraryManager: Removing item, Type: "Episode", Name: "Sélection et Choix", Path: "/downloads/anime/Hell's Paradise/Season 1/[Tora-San] Jigokuraku (Hell's Paradise) - 02 (Dual-Audio 1080p) [Multi-Subs].mkv", Id: 77cd9c37-9b49-1f51-c119-1ef7ee86d1d6
[2023-04-27 10:14:11.969 +00:00] [INF] [249] Emby.Drawing.ImageProcessor: Creating image collage and saving to "/config/cache/temp/3788404b9e21424682171f686c274888.png"
[2023-04-27 10:14:12.150 +00:00] [INF] [249] Emby.Drawing.ImageProcessor: Completed creation of image collage and saved to "/config/cache/temp/3788404b9e21424682171f686c274888.png"
[2023-04-27 10:14:12.193 +00:00] [INF] [238] Emby.Drawing.ImageProcessor: Creating image collage and saving to "/config/cache/temp/797d2028b92042e39f956cd11d9dd979.png"
[2023-04-27 10:14:12.375 +00:00] [INF] [238] Emby.Drawing.ImageProcessor: Completed creation of image collage and saved to "/config/cache/temp/797d2028b92042e39f956cd11d9dd979.png"
[2023-04-27 10:14:13.154 +00:00] [INF] [238] Emby.Server.Implementations.ScheduledTasks.TaskManager: "Scanner la médiathèque" Completed after 0 minute(s) and 3 seconds
[2023-04-27 10:14:13.155 +00:00] [INF] [256] Emby.Server.Implementations.IO.LibraryMonitor: Watching directory "/downloads/series"
[2023-04-27 10:14:13.155 +00:00] [INF] [241] Emby.Server.Implementations.IO.LibraryMonitor: Watching directory "/downloads/movies"
[2023-04-27 10:14:13.155 +00:00] [INF] [238] Emby.Server.Implementations.ScheduledTasks.TaskManager: ExecuteQueuedTasks
[2023-04-27 10:14:13.182 +00:00] [INF] [249] Emby.Server.Implementations.IO.LibraryMonitor: Watching directory "/downloads/anime"
[2023-04-27 10:14:35.220 +00:00] [INF] [249] Emby.Server.Implementations.Library.LibraryManager: Removing item, Type: "Season", Name: "Saison 1", Path: "/downloads/anime/Hell's Paradise/Season 1", Id: b8c11f40-aa90-f191-cefd-7a96f0bfb2c5
[2023-04-27 10:14:35.222 +00:00] [INF] [249] Emby.Server.Implementations.Library.LibraryManager: Deleting item path, Type: "Season", Name: "Saison 1", Path: "/downloads/anime/Hell's Paradise/Season 1", Id: b8c11f40-aa90-f191-cefd-7a96f0bfb2c5
[2023-04-27 10:14:35.224 +00:00] [ERR] [249] Jellyfin.Server.Middleware.ExceptionMiddleware: Error processing request: "Access to the path '/downloads/anime/Hell's Paradise/Season 1' is denied". URL "DELETE" "/Items/b8c11f40aa90f191cefd7a96f0bfb2c5".
[2023-04-27 10:14:37.909 +00:00] [INF] [249] Emby.Server.Implementations.HttpServer.WebSocketManager: WS "172.27.0.1" closed
[2023-04-27 10:15:18.281 +00:00] [INF] [2] Main: Received a SIGTERM signal, shutting down
[2023-04-27 10:15:18.281 +00:00] [INF] [2] Main: Running query planner optimizations in the database... This might take a while
[2023-04-27 10:15:18.293 +00:00] [INF] [2] Emby.Server.Implementations.ApplicationHost: Disposing "CoreAppHost"
[2023-04-27 10:15:18.294 +00:00] [INF] [2] Emby.Server.Implementations.ApplicationHost: Disposing "DlnaEntryPoint"
[2023-04-27 10:15:18.294 +00:00] [INF] [2] Emby.Dlna.Main.DlnaEntryPoint: Disposing PlayToManager
[2023-04-27 10:15:18.294 +00:00] [INF] [2] Emby.Dlna.Main.DlnaEntryPoint: Disposing DeviceDiscovery
[2023-04-27 10:15:18.295 +00:00] [INF] [2] Emby.Dlna.Main.DlnaEntryPoint: Disposing SsdpCommunicationsServer
[2023-04-27 10:15:18.295 +00:00] [INF] [2] Emby.Dlna.Main.DlnaEntryPoint: "SsdpCommunicationsServer" disposing _BroadcastListenSocket
[2023-04-27 10:15:18.296 +00:00] [INF] [2] Emby.Dlna.Main.DlnaEntryPoint: "SsdpCommunicationsServer" Disposing 3 sendSockets
[2023-04-27 10:15:18.296 +00:00] [INF] [2] Emby.Dlna.Main.DlnaEntryPoint: "SsdpCommunicationsServer" disposing sendSocket from "0.0.0.0"
[2023-04-27 10:15:18.296 +00:00] [INF] [2] Emby.Dlna.Main.DlnaEntryPoint: "SsdpCommunicationsServer" disposing sendSocket from "172.27.0.6"
[2023-04-27 10:15:18.296 +00:00] [INF] [2] Emby.Dlna.Main.DlnaEntryPoint: "SsdpCommunicationsServer" disposing sendSocket from "127.0.0.1"
[2023-04-27 10:15:18.296 +00:00] [INF] [2] Emby.Server.Implementations.ApplicationHost: Disposing "RecordingNotifier"
[2023-04-27 10:15:18.297 +00:00] [INF] [2] Emby.Server.Implementations.ApplicationHost: Disposing "EntryPoint"
[2023-04-27 10:15:18.297 +00:00] [INF] [2] Emby.Server.Implementations.ApplicationHost: Disposing "SchedulesDirect"
[2023-04-27 10:15:18.297 +00:00] [INF] [2] Emby.Server.Implementations.ApplicationHost: Disposing "DeviceAccessEntryPoint"
[2023-04-27 10:15:18.297 +00:00] [INF] [2] Emby.Server.Implementations.ApplicationHost: Disposing "LibraryMonitorStartup"
[2023-04-27 10:15:18.297 +00:00] [INF] [2] Emby.Server.Implementations.ApplicationHost: Disposing "ExternalPortForwarding"
[2023-04-27 10:15:18.298 +00:00] [INF] [2] Emby.Server.Implementations.EntryPoints.ExternalPortForwarding: Stopping NAT discovery
[2023-04-27 10:15:18.299 +00:00] [INF] [2] Emby.Server.Implementations.ApplicationHost: Disposing "EmbyTV"
[2023-04-27 10:15:18.300 +00:00] [INF] [2] Emby.Server.Implementations.ApplicationHost: Disposing "MusicBrainzAlbumProvider"
[2023-04-27 10:15:18.300 +00:00] [INF] [2] Emby.Server.Implementations.ApplicationHost: Disposing "EntryPoint"
[2023-04-27 10:15:18.300 +00:00] [INF] [2] Emby.Server.Implementations.ApplicationHost: Disposing "NotificationEntryPoint"
[2023-04-27 10:15:18.301 +00:00] [INF] [2] Emby.Server.Implementations.ApplicationHost: Disposing "UserDataChangeNotifier"
[2023-04-27 10:15:18.301 +00:00] [INF] [2] Emby.Server.Implementations.ApplicationHost: Disposing "LibraryChangedNotifier"
[2023-04-27 10:15:18.302 +00:00] [INF] [2] Emby.Server.Implementations.ApplicationHost: Disposing "UdpServerEntryPoint"
